Using pre-set license
Built from '2020.3/staging' branch; Version is '2020.3.26f1 (7298b473bc1a) revision 7510196'; Using compiler version '192528614'; Build Type 'Release'
OS: 'Windows 11  (10.0.22000) 64bit Core' Language: 'en' Physical Memory: 16179 MB
BatchMode: 1, IsHumanControllingUs: 0, StartBugReporterOnCrash: 0, Is64bit: 1, IsPro: 0

COMMAND LINE ARGUMENTS:
C:\Program Files\Unity\Hub\Editor\2020.3.26f1\Editor\Unity.exe
-adb2
-batchMode
-noUpm
-name
AssetImportWorker0
-projectPath
C:/TeamProject-main/TeamProject-main/TeamProject/Game_Dev-main/Deltatale Prototype/Deltatale Prototype
-logFile
Logs/AssetImportWorker0.log
-srvPort
60134
Successfully changed project path to: C:/TeamProject-main/TeamProject-main/TeamProject/Game_Dev-main/Deltatale Prototype/Deltatale Prototype
C:/TeamProject-main/TeamProject-main/TeamProject/Game_Dev-main/Deltatale Prototype/Deltatale Prototype
Using Asset Import Pipeline V2.
Refreshing native plugins compatible for Editor in 51.00 ms, found 2 plugins.
Preloading 0 native plugins for Editor in 0.00 ms.
Initialize engine version: 2020.3.26f1 (7298b473bc1a)
[Subsystems] Discovering subsystems at path C:/Program Files/Unity/Hub/Editor/2020.3.26f1/Editor/Data/Resources/UnitySubsystems
[Subsystems] Discovering subsystems at path C:/TeamProject-main/TeamProject-main/TeamProject/Game_Dev-main/Deltatale Prototype/Deltatale Prototype/Assets
GfxDevice: creating device client; threaded=0
Direct3D:
    Version:  Direct3D 11.0 [level 11.1]
    Renderer: NVIDIA GeForce RTX 2060 (ID=0x1f11)
    Vendor:   
    VRAM:     5980 MB
    Driver:   27.21.14.6618
Initialize mono
Mono path[0] = 'C:/Program Files/Unity/Hub/Editor/2020.3.26f1/Editor/Data/Managed'
Mono path[1] = 'C:/Program Files/Unity/Hub/Editor/2020.3.26f1/Editor/Data/MonoBleedingEdge/lib/mono/unityjit'
Mono config path = 'C:/Program Files/Unity/Hub/Editor/2020.3.26f1/Editor/Data/MonoBleedingEdge/etc'
Using monoOptions --debugger-agent=transport=dt_socket,embedding=1,server=y,suspend=n,address=127.0.0.1:56032
Begin MonoManager ReloadAssembly
Registering precompiled unity dll's ...
Register platform support module: C:/Program Files/Unity/Hub/Editor/2020.3.26f1/Editor/Data/PlaybackEngines/WindowsStandaloneSupport/UnityEditor.WindowsStandalone.Extensions.dll
Registered in 0.001602 seconds.
Native extension for WindowsStandalone target not found
Refreshing native plugins compatible for Editor in 55.99 ms, found 2 plugins.
Preloading 0 native plugins for Editor in 0.00 ms.
Mono: successfully reloaded assembly
- Completed reload, in  0.650 seconds
Domain Reload Profiling:
	ReloadAssembly (650ms)
		BeginReloadAssembly (56ms)
			ExecutionOrderSort (0ms)
			DisableScriptedObjects (0ms)
			BackupInstance (0ms)
			ReleaseScriptingObjects (0ms)
			CreateAndSetChildDomain (1ms)
		EndReloadAssembly (522ms)
			LoadAssemblies (54ms)
			RebuildTransferFunctionScriptingTraits (0ms)
			SetupTypeCache (154ms)
			ReleaseScriptCaches (0ms)
			RebuildScriptCaches (36ms)
			SetupLoadedEditorAssemblies (222ms)
				LogAssemblyErrors (0ms)
				InitializePlatformSupportModulesInManaged (5ms)
				SetLoadedEditorAssemblies (0ms)
				RefreshPlugins (56ms)
				BeforeProcessingInitializeOnLoad (18ms)
				ProcessInitializeOnLoadAttributes (112ms)
				ProcessInitializeOnLoadMethodAttributes (31ms)
				AfterProcessingInitializeOnLoad (0ms)
				EditorAssembliesLoaded (0ms)
			ExecutionOrderSort2 (0ms)
			AwakeInstancesAfterBackupRestoration (0ms)
Platform modules already initialized, skipping
Registering precompiled user dll's ...
Registered in 0.006648 seconds.
Begin MonoManager ReloadAssembly
Native extension for WindowsStandalone target not found
Refreshing native plugins compatible for Editor in 70.90 ms, found 2 plugins.
Preloading 0 native plugins for Editor in 0.00 ms.
Mono: successfully reloaded assembly
- Completed reload, in  1.330 seconds
Domain Reload Profiling:
	ReloadAssembly (1331ms)
		BeginReloadAssembly (155ms)
			ExecutionOrderSort (0ms)
			DisableScriptedObjects (5ms)
			BackupInstance (0ms)
			ReleaseScriptingObjects (0ms)
			CreateAndSetChildDomain (20ms)
		EndReloadAssembly (1099ms)
			LoadAssemblies (100ms)
			RebuildTransferFunctionScriptingTraits (0ms)
			SetupTypeCache (330ms)
			ReleaseScriptCaches (0ms)
			RebuildScriptCaches (70ms)
			SetupLoadedEditorAssemblies (446ms)
				LogAssemblyErrors (0ms)
				InitializePlatformSupportModulesInManaged (5ms)
				SetLoadedEditorAssemblies (0ms)
				RefreshPlugins (71ms)
				BeforeProcessingInitializeOnLoad (91ms)
				ProcessInitializeOnLoadAttributes (264ms)
				ProcessInitializeOnLoadMethodAttributes (10ms)
				AfterProcessingInitializeOnLoad (6ms)
				EditorAssembliesLoaded (1ms)
			ExecutionOrderSort2 (0ms)
			AwakeInstancesAfterBackupRestoration (6ms)
Platform modules already initialized, skipping
========================================================================
Worker process is ready to serve import requests
Launched and connected shader compiler UnityShaderCompiler.exe after 0.04 seconds
Refreshing native plugins compatible for Editor in 0.71 ms, found 2 plugins.
Preloading 0 native plugins for Editor in 0.00 ms.
Unloading 2243 Unused Serialized files (Serialized files now loaded: 0)
System memory in use before: 96.2 MB.
System memory in use after: 96.2 MB.

Unloading 24 unused Assets to reduce memory usage. Loaded Objects now: 2678.
Total: 3.035800 ms (FindLiveObjects: 0.207600 ms CreateObjectMapping: 0.104000 ms MarkObjects: 2.654900 ms  DeleteObjects: 0.068300 ms)

AssetImportParameters requested are different than current active one (requested -> active):
  custom:framework-win-MediaFoundation: 216162199b28c13a410421893ffa2e32 -> 
  custom:video-decoder-ogg-theora: a1e56fd34408186e4bbccfd4996cb3dc -> 
  custom:container-muxer-webm: aa71ff27fc2769a1b78a27578f13a17b -> 
  custom:container-demuxer-webm: 4f35f7cbe854078d1ac9338744f61a02 -> 
  custom:container-demuxer-ogg: 62fdf1f143b41e24485cea50d1cbac27 -> 
  custom:video-encoder-webm-vp8: eb34c28f22e8b96e1ab97ce403110664 -> 
  custom:video-decoder-webm-vp8: 9c59270c3fd7afecdb556c50c9e8de78 -> 
  custom:audio-decoder-ogg-vorbis: bf7c407c2cedff20999df2af8eb42d56 -> 
  custom:audio-encoder-webm-vorbis: bf7c407c2cedff20999df2af8eb42d56 -> 
========================================================================
Received Import Request.
  path: Assets/Scenes/CouncilRoom/Lightmap-0_comp_light.exr
  artifactKey: Guid(aea72b337ad42974fa0daac86ad44540) Importer(815301076,1909f56bfc062723c751e8b465ee728b)
Start importing Assets/Scenes/CouncilRoom/Lightmap-0_comp_light.exr using Guid(aea72b337ad42974fa0daac86ad44540) Importer(815301076,1909f56bfc062723c751e8b465ee728b)  -> (artifact id: '0fd4cbfa399b66b744d9b1b33130204f') in 0.162080 seconds 
  Import took 0.165565 seconds .

========================================================================
Received Import Request.
  Time since last request: 0.000343 seconds.
  path: Assets/Scenes/CouncilRoom/ReflectionProbe-0.exr
  artifactKey: Guid(11c677ecc44109a43b89e431cad16081) Importer(815301076,1909f56bfc062723c751e8b465ee728b)
Start importing Assets/Scenes/CouncilRoom/ReflectionProbe-0.exr using Guid(11c677ecc44109a43b89e431cad16081) Importer(815301076,1909f56bfc062723c751e8b465ee728b)  -> (artifact id: '6ad4656def6071e6bc723497bcc79b59') in 0.049629 seconds 
  Import took 0.052559 seconds .

========================================================================
Received Import Request.
  Time since last request: 0.000350 seconds.
  path: Assets/Scenes/CouncilRoom/Lightmap-0_comp_dir.png
  artifactKey: Guid(d801d112bc23c03439361635e83e94fc) Importer(815301076,1909f56bfc062723c751e8b465ee728b)
Start importing Assets/Scenes/CouncilRoom/Lightmap-0_comp_dir.png using Guid(d801d112bc23c03439361635e83e94fc) Importer(815301076,1909f56bfc062723c751e8b465ee728b)  -> (artifact id: 'f688d5f658051124fc88c2810c9640c3') in 0.059224 seconds 
  Import took 0.062472 seconds .

========================================================================
Received Import Request.
  Time since last request: 0.000317 seconds.
  path: Assets/Scenes/CouncilRoom
  artifactKey: Guid(1814888bdcf5c1e4d94ae9a3451a3b92) Importer(815301076,1909f56bfc062723c751e8b465ee728b)
Start importing Assets/Scenes/CouncilRoom using Guid(1814888bdcf5c1e4d94ae9a3451a3b92) Importer(815301076,1909f56bfc062723c751e8b465ee728b)  -> (artifact id: '3db9adb2f15e7858e03fa091222e8607') in 0.002302 seconds 
  Import took 0.005873 seconds .

========================================================================
Received Import Request.
  Time since last request: 0.000447 seconds.
  path: Assets/Scenes/CouncilRoom/LightingData.asset
  artifactKey: Guid(dcf49a7a8fb5e6249a8d3da3047944d5) Importer(815301076,1909f56bfc062723c751e8b465ee728b)
Start importing Assets/Scenes/CouncilRoom/LightingData.asset using Guid(dcf49a7a8fb5e6249a8d3da3047944d5) Importer(815301076,1909f56bfc062723c751e8b465ee728b)  -> (artifact id: '9d639e13607e1f27b12e813d2cec970f') in 0.009752 seconds 
  Import took 0.015197 seconds .

========================================================================
Received Import Request.
  Time since last request: 16.891550 seconds.
  path: Assets/Scenes/Main Menu.unity
  artifactKey: Guid(bbbf16be9ba51b740a15455321d3dae3) Importer(815301076,1909f56bfc062723c751e8b465ee728b)
Start importing Assets/Scenes/Main Menu.unity using Guid(bbbf16be9ba51b740a15455321d3dae3) Importer(815301076,1909f56bfc062723c751e8b465ee728b)  -> (artifact id: 'e4b7e0bcf22c6b585594880cddae23a4') in 0.003322 seconds 
  Import took 0.007158 seconds .

========================================================================
Received Import Request.
  Time since last request: 12.959885 seconds.
  path: Assets/Scenes/SecondFloor.unity
  artifactKey: Guid(b8ead1e0b7538694ca1ee5ae58bce0be) Importer(815301076,1909f56bfc062723c751e8b465ee728b)
Start importing Assets/Scenes/SecondFloor.unity using Guid(b8ead1e0b7538694ca1ee5ae58bce0be) Importer(815301076,1909f56bfc062723c751e8b465ee728b)  -> (artifact id: '570cb5e903156d54b67689d98c0d3bb4') in 0.002660 seconds 
  Import took 0.007001 seconds .

========================================================================
Received Import Request.
  Time since last request: 9.163115 seconds.
  path: Assets/Scenes/ThirdFloor.unity
  artifactKey: Guid(074b8b4d1ccd3914ba5328f85f080ce1) Importer(815301076,1909f56bfc062723c751e8b465ee728b)
Start importing Assets/Scenes/ThirdFloor.unity using Guid(074b8b4d1ccd3914ba5328f85f080ce1) Importer(815301076,1909f56bfc062723c751e8b465ee728b)  -> (artifact id: '50b32ead00f8555b728e5cc0c60ccb96') in 0.003164 seconds 
  Import took 0.008270 seconds .

========================================================================
Received Prepare
Registering precompiled user dll's ...
Registered in 0.006263 seconds.
Begin MonoManager ReloadAssembly
Native extension for WindowsStandalone target not found
Refreshing native plugins compatible for Editor in 0.52 ms, found 2 plugins.
Preloading 0 native plugins for Editor in 0.00 ms.
Mono: successfully reloaded assembly
- Completed reload, in  1.294 seconds
Domain Reload Profiling:
	ReloadAssembly (1295ms)
		BeginReloadAssembly (147ms)
			ExecutionOrderSort (0ms)
			DisableScriptedObjects (4ms)
			BackupInstance (0ms)
			ReleaseScriptingObjects (0ms)
			CreateAndSetChildDomain (36ms)
		EndReloadAssembly (1061ms)
			LoadAssemblies (132ms)
			RebuildTransferFunctionScriptingTraits (0ms)
			SetupTypeCache (383ms)
			ReleaseScriptCaches (1ms)
			RebuildScriptCaches (54ms)
			SetupLoadedEditorAssemblies (388ms)
				LogAssemblyErrors (0ms)
				InitializePlatformSupportModulesInManaged (3ms)
				SetLoadedEditorAssemblies (1ms)
				RefreshPlugins (1ms)
				BeforeProcessingInitializeOnLoad (86ms)
				ProcessInitializeOnLoadAttributes (282ms)
				ProcessInitializeOnLoadMethodAttributes (9ms)
				AfterProcessingInitializeOnLoad (6ms)
				EditorAssembliesLoaded (0ms)
			ExecutionOrderSort2 (0ms)
			AwakeInstancesAfterBackupRestoration (7ms)
Platform modules already initialized, skipping
Refreshing native plugins compatible for Editor in 0.79 ms, found 2 plugins.
Preloading 0 native plugins for Editor in 0.00 ms.
Unloading 2231 Unused Serialized files (Serialized files now loaded: 0)
System memory in use before: 99.1 MB.
System memory in use after: 99.2 MB.

Unloading 17 unused Assets to reduce memory usage. Loaded Objects now: 2716.
Total: 3.338100 ms (FindLiveObjects: 0.196700 ms CreateObjectMapping: 0.144600 ms MarkObjects: 2.978600 ms  DeleteObjects: 0.016900 ms)

AssetImportParameters requested are different than current active one (requested -> active):
  custom:framework-win-MediaFoundation: 216162199b28c13a410421893ffa2e32 -> 
  custom:video-decoder-ogg-theora: a1e56fd34408186e4bbccfd4996cb3dc -> 
  custom:container-muxer-webm: aa71ff27fc2769a1b78a27578f13a17b -> 
  custom:container-demuxer-webm: 4f35f7cbe854078d1ac9338744f61a02 -> 
  custom:container-demuxer-ogg: 62fdf1f143b41e24485cea50d1cbac27 -> 
  custom:video-encoder-webm-vp8: eb34c28f22e8b96e1ab97ce403110664 -> 
  custom:video-decoder-webm-vp8: 9c59270c3fd7afecdb556c50c9e8de78 -> 
  custom:audio-decoder-ogg-vorbis: bf7c407c2cedff20999df2af8eb42d56 -> 
  custom:audio-encoder-webm-vorbis: bf7c407c2cedff20999df2af8eb42d56 -> 
========================================================================
Received Import Request.
  Time since last request: 351.963737 seconds.
  path: Assets/Scenes/MainMenu.unity
  artifactKey: Guid(bbbf16be9ba51b740a15455321d3dae3) Importer(815301076,1909f56bfc062723c751e8b465ee728b)
Start importing Assets/Scenes/MainMenu.unity using Guid(bbbf16be9ba51b740a15455321d3dae3) Importer(815301076,1909f56bfc062723c751e8b465ee728b)  -> (artifact id: '5c1896c8b2bd51213c9ac6c14303c800') in 0.018031 seconds 
  Import took 0.023029 seconds .

========================================================================
Received Prepare
Registering precompiled user dll's ...
Registered in 0.004950 seconds.
Begin MonoManager ReloadAssembly
Native extension for WindowsStandalone target not found
Refreshing native plugins compatible for Editor in 0.51 ms, found 2 plugins.
Preloading 0 native plugins for Editor in 0.00 ms.
Mono: successfully reloaded assembly
- Completed reload, in  1.093 seconds
Domain Reload Profiling:
	ReloadAssembly (1093ms)
		BeginReloadAssembly (110ms)
			ExecutionOrderSort (0ms)
			DisableScriptedObjects (4ms)
			BackupInstance (0ms)
			ReleaseScriptingObjects (0ms)
			CreateAndSetChildDomain (35ms)
		EndReloadAssembly (921ms)
			LoadAssemblies (93ms)
			RebuildTransferFunctionScriptingTraits (0ms)
			SetupTypeCache (346ms)
			ReleaseScriptCaches (1ms)
			RebuildScriptCaches (39ms)
			SetupLoadedEditorAssemblies (342ms)
				LogAssemblyErrors (0ms)
				InitializePlatformSupportModulesInManaged (3ms)
				SetLoadedEditorAssemblies (0ms)
				RefreshPlugins (1ms)
				BeforeProcessingInitializeOnLoad (75ms)
				ProcessInitializeOnLoadAttributes (249ms)
				ProcessInitializeOnLoadMethodAttributes (9ms)
				AfterProcessingInitializeOnLoad (5ms)
				EditorAssembliesLoaded (0ms)
			ExecutionOrderSort2 (0ms)
			AwakeInstancesAfterBackupRestoration (6ms)
Platform modules already initialized, skipping
Refreshing native plugins compatible for Editor in 0.53 ms, found 2 plugins.
Preloading 0 native plugins for Editor in 0.00 ms.
Unloading 2231 Unused Serialized files (Serialized files now loaded: 0)
System memory in use before: 99.1 MB.
System memory in use after: 99.3 MB.

Unloading 17 unused Assets to reduce memory usage. Loaded Objects now: 2719.
Total: 3.005300 ms (FindLiveObjects: 0.179300 ms CreateObjectMapping: 0.082100 ms MarkObjects: 2.727100 ms  DeleteObjects: 0.015900 ms)

AssetImportParameters requested are different than current active one (requested -> active):
  custom:framework-win-MediaFoundation: 216162199b28c13a410421893ffa2e32 -> 
  custom:video-decoder-ogg-theora: a1e56fd34408186e4bbccfd4996cb3dc -> 
  custom:container-muxer-webm: aa71ff27fc2769a1b78a27578f13a17b -> 
  custom:container-demuxer-webm: 4f35f7cbe854078d1ac9338744f61a02 -> 
  custom:container-demuxer-ogg: 62fdf1f143b41e24485cea50d1cbac27 -> 
  custom:video-encoder-webm-vp8: eb34c28f22e8b96e1ab97ce403110664 -> 
  custom:video-decoder-webm-vp8: 9c59270c3fd7afecdb556c50c9e8de78 -> 
  custom:audio-decoder-ogg-vorbis: bf7c407c2cedff20999df2af8eb42d56 -> 
  custom:audio-encoder-webm-vorbis: bf7c407c2cedff20999df2af8eb42d56 -> 
========================================================================
Received Import Request.
  Time since last request: 148.650625 seconds.
  path: Assets/Dark_Brown_GUI_kit/icon/full_simple/numbers/1.png
  artifactKey: Guid(af88e637281e9a548aa31d1cb76a0486) Importer(815301076,1909f56bfc062723c751e8b465ee728b)
Start importing Assets/Dark_Brown_GUI_kit/icon/full_simple/numbers/1.png using Guid(af88e637281e9a548aa31d1cb76a0486) Importer(815301076,1909f56bfc062723c751e8b465ee728b)  -> (artifact id: '2a31ec5da5b83ec6315777e8fbd75c63') in 0.060918 seconds 
  Import took 0.064958 seconds .

========================================================================
Received Import Request.
  Time since last request: 0.000338 seconds.
  path: Assets/Dark_Brown_GUI_kit/icon/full_simple/numbers/2.png
  artifactKey: Guid(7d053d3b3746a204bb3be41bbecff78f) Importer(815301076,1909f56bfc062723c751e8b465ee728b)
Start importing Assets/Dark_Brown_GUI_kit/icon/full_simple/numbers/2.png using Guid(7d053d3b3746a204bb3be41bbecff78f) Importer(815301076,1909f56bfc062723c751e8b465ee728b)  -> (artifact id: '70078796ba9eae1db80c46536da0c223') in 0.015346 seconds 
  Import took 0.018930 seconds .

========================================================================
Received Import Request.
  Time since last request: 88.827873 seconds.
  path: Assets/Scripts/Levels/EnteringCouncil.cs
  artifactKey: Guid(b6e37fc2ce8bbe24cbae91458a60d9fd) Importer(815301076,1909f56bfc062723c751e8b465ee728b)
Start importing Assets/Scripts/Levels/EnteringCouncil.cs using Guid(b6e37fc2ce8bbe24cbae91458a60d9fd) Importer(815301076,1909f56bfc062723c751e8b465ee728b)  -> (artifact id: '7365f76390413cf1057de76a16dd54ab') in 0.010816 seconds 
  Import took 0.014471 seconds .

========================================================================
Received Prepare
Registering precompiled user dll's ...
Registered in 0.005121 seconds.
Begin MonoManager ReloadAssembly
Native extension for WindowsStandalone target not found
Refreshing native plugins compatible for Editor in 0.51 ms, found 2 plugins.
Preloading 0 native plugins for Editor in 0.00 ms.
Mono: successfully reloaded assembly
- Completed reload, in  1.034 seconds
Domain Reload Profiling:
	ReloadAssembly (1034ms)
		BeginReloadAssembly (122ms)
			ExecutionOrderSort (0ms)
			DisableScriptedObjects (4ms)
			BackupInstance (0ms)
			ReleaseScriptingObjects (0ms)
			CreateAndSetChildDomain (39ms)
		EndReloadAssembly (853ms)
			LoadAssemblies (90ms)
			RebuildTransferFunctionScriptingTraits (0ms)
			SetupTypeCache (292ms)
			ReleaseScriptCaches (1ms)
			RebuildScriptCaches (41ms)
			SetupLoadedEditorAssemblies (321ms)
				LogAssemblyErrors (0ms)
				InitializePlatformSupportModulesInManaged (3ms)
				SetLoadedEditorAssemblies (0ms)
				RefreshPlugins (1ms)
				BeforeProcessingInitializeOnLoad (69ms)
				ProcessInitializeOnLoadAttributes (232ms)
				ProcessInitializeOnLoadMethodAttributes (9ms)
				AfterProcessingInitializeOnLoad (5ms)
				EditorAssembliesLoaded (0ms)
			ExecutionOrderSort2 (0ms)
			AwakeInstancesAfterBackupRestoration (7ms)
Platform modules already initialized, skipping
Refreshing native plugins compatible for Editor in 0.54 ms, found 2 plugins.
Preloading 0 native plugins for Editor in 0.00 ms.
Unloading 2231 Unused Serialized files (Serialized files now loaded: 0)
System memory in use before: 99.2 MB.
System memory in use after: 99.4 MB.

Unloading 17 unused Assets to reduce memory usage. Loaded Objects now: 2724.
Total: 3.407100 ms (FindLiveObjects: 0.308000 ms CreateObjectMapping: 0.134300 ms MarkObjects: 2.947100 ms  DeleteObjects: 0.016500 ms)

AssetImportParameters requested are different than current active one (requested -> active):
  custom:framework-win-MediaFoundation: 216162199b28c13a410421893ffa2e32 -> 
  custom:video-decoder-ogg-theora: a1e56fd34408186e4bbccfd4996cb3dc -> 
  custom:container-muxer-webm: aa71ff27fc2769a1b78a27578f13a17b -> 
  custom:container-demuxer-webm: 4f35f7cbe854078d1ac9338744f61a02 -> 
  custom:container-demuxer-ogg: 62fdf1f143b41e24485cea50d1cbac27 -> 
  custom:video-encoder-webm-vp8: eb34c28f22e8b96e1ab97ce403110664 -> 
  custom:video-decoder-webm-vp8: 9c59270c3fd7afecdb556c50c9e8de78 -> 
  custom:audio-decoder-ogg-vorbis: bf7c407c2cedff20999df2af8eb42d56 -> 
  custom:audio-encoder-webm-vorbis: bf7c407c2cedff20999df2af8eb42d56 -> 
========================================================================
Received Import Request.
  Time since last request: 260.255542 seconds.
  path: Assets/Samples/Input System/1.2.0/Simple Demo/Environment.prefab
  artifactKey: Guid(b6b5f266028754740b00996b1ad8ce4e) Importer(815301076,1909f56bfc062723c751e8b465ee728b)
Start importing Assets/Samples/Input System/1.2.0/Simple Demo/Environment.prefab using Guid(b6b5f266028754740b00996b1ad8ce4e) Importer(815301076,1909f56bfc062723c751e8b465ee728b)  -> (artifact id: '7a88400fc06d7da89ac463fe284fdb2f') in 0.060226 seconds 
  Import took 0.064198 seconds .

========================================================================
Received Import Request.
  Time since last request: 0.000273 seconds.
  path: Assets/Samples/Cinemachine/2.6.11/Cinemachine Example Scenes/Shared/Prefabs/Environment_2D.prefab
  artifactKey: Guid(50d4e9899bac3164ea7e01493f0b5124) Importer(815301076,1909f56bfc062723c751e8b465ee728b)
Start importing Assets/Samples/Cinemachine/2.6.11/Cinemachine Example Scenes/Shared/Prefabs/Environment_2D.prefab using Guid(50d4e9899bac3164ea7e01493f0b5124) Importer(815301076,1909f56bfc062723c751e8b465ee728b)  -> (artifact id: 'a114379d9e8317088878b70b8bbcd91b') in 0.021064 seconds 
  Import took 0.025516 seconds .

========================================================================
Received Import Request.
  Time since last request: 4.924082 seconds.
  path: Assets/Samples/Cinemachine/2.6.11/Cinemachine Example Scenes/Shared/Prefabs/Environment_Clear_BluePedestal.prefab
  artifactKey: Guid(61745ace033145746897f4e80481de5f) Importer(815301076,1909f56bfc062723c751e8b465ee728b)
Start importing Assets/Samples/Cinemachine/2.6.11/Cinemachine Example Scenes/Shared/Prefabs/Environment_Clear_BluePedestal.prefab using Guid(61745ace033145746897f4e80481de5f) Importer(815301076,1909f56bfc062723c751e8b465ee728b)  -> (artifact id: 'eff31f2d91417370f43573dff256d43b') in 0.019705 seconds 
  Import took 0.024137 seconds .

========================================================================
Received Import Request.
  Time since last request: 0.000294 seconds.
  path: Assets/Samples/Cinemachine/2.6.11/Cinemachine Example Scenes/Shared/Prefabs/Environment_Corridor.prefab
  artifactKey: Guid(c177cbc5ca174ed438dba27b2b52e70c) Importer(815301076,1909f56bfc062723c751e8b465ee728b)
Start importing Assets/Samples/Cinemachine/2.6.11/Cinemachine Example Scenes/Shared/Prefabs/Environment_Corridor.prefab using Guid(c177cbc5ca174ed438dba27b2b52e70c) Importer(815301076,1909f56bfc062723c751e8b465ee728b)  -> (artifact id: '1bc0c71062db91745f264c135bcb5da2') in 0.012264 seconds 
  Import took 0.016485 seconds .

========================================================================
Received Import Request.
  Time since last request: 0.028880 seconds.
  path: Assets/Samples/Cinemachine/2.6.11/Cinemachine Example Scenes/Shared/Prefabs/Environment_CorridorMixingCam.prefab
  artifactKey: Guid(309ca2bfc1e81fa4eb43845cbdf4a42b) Importer(815301076,1909f56bfc062723c751e8b465ee728b)
Start importing Assets/Samples/Cinemachine/2.6.11/Cinemachine Example Scenes/Shared/Prefabs/Environment_CorridorMixingCam.prefab using Guid(309ca2bfc1e81fa4eb43845cbdf4a42b) Importer(815301076,1909f56bfc062723c751e8b465ee728b)  -> (artifact id: '5b727c37ac6439951de0bb852a018149') in 0.009339 seconds 
  Import took 0.013617 seconds .

========================================================================
Received Import Request.
  Time since last request: 0.000462 seconds.
  path: Assets/Samples/Cinemachine/2.6.11/Cinemachine Example Scenes/Shared/Prefabs/Environment_Narrow_Walls.prefab
  artifactKey: Guid(0998cc0e377e9034c86e90787a3070b0) Importer(815301076,1909f56bfc062723c751e8b465ee728b)
Start importing Assets/Samples/Cinemachine/2.6.11/Cinemachine Example Scenes/Shared/Prefabs/Environment_Narrow_Walls.prefab using Guid(0998cc0e377e9034c86e90787a3070b0) Importer(815301076,1909f56bfc062723c751e8b465ee728b)  -> (artifact id: '6cca5e7b7cfd715a37f6f5a5aa96fb7b') in 0.009087 seconds 
  Import took 0.013076 seconds .

========================================================================
Received Import Request.
  Time since last request: 0.233231 seconds.
  path: Assets/Dark_Brown_GUI_kit/icon/simple/exclamation.png
  artifactKey: Guid(868d6074b6e4e44479b4c99e719e3bb9) Importer(815301076,1909f56bfc062723c751e8b465ee728b)
Start importing Assets/Dark_Brown_GUI_kit/icon/simple/exclamation.png using Guid(868d6074b6e4e44479b4c99e719e3bb9) Importer(815301076,1909f56bfc062723c751e8b465ee728b)  -> (artifact id: '6e3655ab5393352b15ffca4f62050b3b') in 0.025887 seconds 
  Import took 0.029773 seconds .

========================================================================
Received Import Request.
  Time since last request: 0.000284 seconds.
  path: Assets/Dark_Brown_GUI_kit/icon/full_simple/exclamation-.png
  artifactKey: Guid(980d5ac9c0a9a8145a0c2776db226d08) Importer(815301076,1909f56bfc062723c751e8b465ee728b)
Start importing Assets/Dark_Brown_GUI_kit/icon/full_simple/exclamation-.png using Guid(980d5ac9c0a9a8145a0c2776db226d08) Importer(815301076,1909f56bfc062723c751e8b465ee728b)  -> (artifact id: 'c3d3d519dada8c0191f319845cbe6a57') in 0.011055 seconds 
  Import took 0.014746 seconds .

========================================================================
Received Import Request.
  Time since last request: 0.035884 seconds.
  path: Assets/Dark_Brown_GUI_kit/icon/simple/exit.png
  artifactKey: Guid(1076b1a4b47e34842b589f9912644944) Importer(815301076,1909f56bfc062723c751e8b465ee728b)
Start importing Assets/Dark_Brown_GUI_kit/icon/simple/exit.png using Guid(1076b1a4b47e34842b589f9912644944) Importer(815301076,1909f56bfc062723c751e8b465ee728b)  -> (artifact id: '4f09069e2b01300bfcaaf3bf6438a20a') in 0.010689 seconds 
  Import took 0.014871 seconds .

========================================================================
Received Import Request.
  Time since last request: 1.136848 seconds.
  path: Assets/Dark_Brown_GUI_kit/icon/full_simple/exit-.png
  artifactKey: Guid(acbba4f81e74aeb42a0cff89b55c60d3) Importer(815301076,1909f56bfc062723c751e8b465ee728b)
Start importing Assets/Dark_Brown_GUI_kit/icon/full_simple/exit-.png using Guid(acbba4f81e74aeb42a0cff89b55c60d3) Importer(815301076,1909f56bfc062723c751e8b465ee728b)  -> (artifact id: '8b29739e79a5a9fd3df02e5ce61d4058') in 0.012634 seconds 
  Import took 0.015960 seconds .

========================================================================
Received Import Request.
  Time since last request: 0.352796 seconds.
  path: Assets/Dark_Brown_GUI_kit/skill_icon/fire/fire_ball.png
  artifactKey: Guid(447a3de3e3f0dc54aaa942d7c48e9f90) Importer(815301076,1909f56bfc062723c751e8b465ee728b)
Start importing Assets/Dark_Brown_GUI_kit/skill_icon/fire/fire_ball.png using Guid(447a3de3e3f0dc54aaa942d7c48e9f90) Importer(815301076,1909f56bfc062723c751e8b465ee728b)  -> (artifact id: 'bf2aadbd5767c35f6a75aeec3faed01a') in 0.013280 seconds 
  Import took 0.018429 seconds .

========================================================================
Received Import Request.
  Time since last request: 0.224154 seconds.
  path: Assets/Dark_Brown_GUI_kit/skill_icon/fire/fire_flame.png
  artifactKey: Guid(c584f782e9ce03444b6cd36893975997) Importer(815301076,1909f56bfc062723c751e8b465ee728b)
Start importing Assets/Dark_Brown_GUI_kit/skill_icon/fire/fire_flame.png using Guid(c584f782e9ce03444b6cd36893975997) Importer(815301076,1909f56bfc062723c751e8b465ee728b)  -> (artifact id: '0b859f200dfd394df41ba7cf520a205f') in 0.015866 seconds 
  Import took 0.019791 seconds .

========================================================================
Received Import Request.
  Time since last request: 0.000300 seconds.
  path: Assets/Dark_Brown_GUI_kit/skill_icon/fire/fire_tornado.png
  artifactKey: Guid(ef56248c9b878ef4189801810ddbbf4b) Importer(815301076,1909f56bfc062723c751e8b465ee728b)
Start importing Assets/Dark_Brown_GUI_kit/skill_icon/fire/fire_tornado.png using Guid(ef56248c9b878ef4189801810ddbbf4b) Importer(815301076,1909f56bfc062723c751e8b465ee728b)  -> (artifact id: '209af791a36ca9b6eb3abb11b4819a5e') in 0.012570 seconds 
  Import took 0.016689 seconds .

========================================================================
Received Import Request.
  Time since last request: 0.582261 seconds.
  path: Assets/Dark_Brown_GUI_kit/skill_icon/ice/frost_bolt.png
  artifactKey: Guid(9a8d3d5bc2a72654290305a8e1188a3e) Importer(815301076,1909f56bfc062723c751e8b465ee728b)
Start importing Assets/Dark_Brown_GUI_kit/skill_icon/ice/frost_bolt.png using Guid(9a8d3d5bc2a72654290305a8e1188a3e) Importer(815301076,1909f56bfc062723c751e8b465ee728b)  -> (artifact id: 'f5346ad5959e014a2784861db3d732bf') in 0.013021 seconds 
  Import took 0.017161 seconds .

========================================================================
Received Import Request.
  Time since last request: 0.035008 seconds.
  path: Assets/Dark_Brown_GUI_kit/skill_icon/ice/frost_bolt_quad.png
  artifactKey: Guid(03e1e5731f17c334b864652196cb8931) Importer(815301076,1909f56bfc062723c751e8b465ee728b)
Start importing Assets/Dark_Brown_GUI_kit/skill_icon/ice/frost_bolt_quad.png using Guid(03e1e5731f17c334b864652196cb8931) Importer(815301076,1909f56bfc062723c751e8b465ee728b)  -> (artifact id: 'bc69c31a75f5742c81ef93adfbadf8ba') in 0.013407 seconds 
  Import took 0.017799 seconds .

========================================================================
Received Import Request.
  Time since last request: 0.218979 seconds.
  path: Assets/Samples/Input System/1.2.0/Visualizers/GamepadVis.prefab
  artifactKey: Guid(b8429651427a640919754290f3704312) Importer(815301076,1909f56bfc062723c751e8b465ee728b)
Start importing Assets/Samples/Input System/1.2.0/Visualizers/GamepadVis.prefab using Guid(b8429651427a640919754290f3704312) Importer(815301076,1909f56bfc062723c751e8b465ee728b)  -> (artifact id: 'a6479fc77653d8884550a3f05f640108') in 0.011126 seconds 
  Import took 0.016662 seconds .

========================================================================
Received Import Request.
  Time since last request: 0.000312 seconds.
  path: Assets/Samples/Input System/1.2.0/In-Game Hints/InGameHintsActions.inputactions
  artifactKey: Guid(6bb4ca8e0c27ed041910c04f94cf6c7e) Importer(815301076,1909f56bfc062723c751e8b465ee728b)
Start importing Assets/Samples/Input System/1.2.0/In-Game Hints/InGameHintsActions.inputactions using Guid(6bb4ca8e0c27ed041910c04f94cf6c7e) Importer(815301076,1909f56bfc062723c751e8b465ee728b)  -> (artifact id: '5a895b7fb7a11be59d2bfd259d226802') in 0.011328 seconds 
  Import took 0.015188 seconds .

========================================================================
Received Import Request.
  Time since last request: 0.000338 seconds.
  path: Assets/Samples/Input System/1.2.0/Visualizers/SimpleControls.inputactions
  artifactKey: Guid(dc782cd8f65d34f0a9c0e85380a5b684) Importer(815301076,1909f56bfc062723c751e8b465ee728b)
Start importing Assets/Samples/Input System/1.2.0/Visualizers/SimpleControls.inputactions using Guid(dc782cd8f65d34f0a9c0e85380a5b684) Importer(815301076,1909f56bfc062723c751e8b465ee728b)  -> (artifact id: '025da9c29e32094ffda80d578b600267') in 0.003863 seconds 
  Import took 0.008290 seconds .

========================================================================
Received Import Request.
  Time since last request: 0.021223 seconds.
  path: Assets/Samples/Input System/1.2.0/Simple Demo/SimpleControls.inputactions
  artifactKey: Guid(97210cd740af04df697b1fa71c9c9623) Importer(815301076,1909f56bfc062723c751e8b465ee728b)
Start importing Assets/Samples/Input System/1.2.0/Simple Demo/SimpleControls.inputactions using Guid(97210cd740af04df697b1fa71c9c9623) Importer(815301076,1909f56bfc062723c751e8b465ee728b)  -> (artifact id: 'e8913678b3fc6a813da8d2507d586190') in 0.003873 seconds 
  Import took 0.007832 seconds .

========================================================================
Received Import Request.
  Time since last request: 0.000283 seconds.
  path: Assets/Samples/Input System/1.2.0/Rebinding UI/RebindUISampleActions.inputactions
  artifactKey: Guid(7dead05c54ca85b4681351aafd8bd03a) Importer(815301076,1909f56bfc062723c751e8b465ee728b)
Start importing Assets/Samples/Input System/1.2.0/Rebinding UI/RebindUISampleActions.inputactions using Guid(7dead05c54ca85b4681351aafd8bd03a) Importer(815301076,1909f56bfc062723c751e8b465ee728b)  -> (artifact id: '1bf303634ddda3df900094ff233b7f95') in 0.003730 seconds 
  Import took 0.006600 seconds .

========================================================================
Received Import Request.
  Time since last request: 0.890381 seconds.
  path: Assets/Dark_Brown_GUI_kit/icon/other/craft/green_сlover.png
  artifactKey: Guid(6832d5797dd668e42be64449cf6c88e7) Importer(815301076,1909f56bfc062723c751e8b465ee728b)
Start importing Assets/Dark_Brown_GUI_kit/icon/other/craft/green_сlover.png using Guid(6832d5797dd668e42be64449cf6c88e7) Importer(815301076,1909f56bfc062723c751e8b465ee728b)  -> (artifact id: '88de21d4692d5c454dcb7b49db191784') in 0.014745 seconds 
  Import took 0.018479 seconds .

========================================================================
Received Import Request.
  Time since last request: 0.187160 seconds.
  path: Assets/Dark_Brown_GUI_kit/icon/other/craft/tr/green_сlover_tr.png
  artifactKey: Guid(b54b0a2f37657794c943f3f14f3750e1) Importer(815301076,1909f56bfc062723c751e8b465ee728b)
Start importing Assets/Dark_Brown_GUI_kit/icon/other/craft/tr/green_сlover_tr.png using Guid(b54b0a2f37657794c943f3f14f3750e1) Importer(815301076,1909f56bfc062723c751e8b465ee728b)  -> (artifact id: '53a6a7c60ec1c4f3fc459bfac8bb59b4') in 0.014073 seconds 
  Import took 0.021117 seconds .

========================================================================
Received Import Request.
  Time since last request: 0.031962 seconds.
  path: Assets/Samples/Cinemachine/2.6.11/Cinemachine Example Scenes/Shared/Textures/GridBox_blue.png
  artifactKey: Guid(f63eea91ff30e6d48800caa1ebc457ef) Importer(815301076,1909f56bfc062723c751e8b465ee728b)
Start importing Assets/Samples/Cinemachine/2.6.11/Cinemachine Example Scenes/Shared/Textures/GridBox_blue.png using Guid(f63eea91ff30e6d48800caa1ebc457ef) Importer(815301076,1909f56bfc062723c751e8b465ee728b)  -> (artifact id: '5a2b265458822e5ad4cf806959b6f255') in 0.008585 seconds 
  Import took 0.013006 seconds .

========================================================================
Received Import Request.
  Time since last request: 0.000472 seconds.
  path: Assets/Samples/Cinemachine/2.6.11/Cinemachine Example Scenes/Shared/Textures/GridBox_Default.png
  artifactKey: Guid(9470468fda72f4773a90a0306decbf0f) Importer(815301076,1909f56bfc062723c751e8b465ee728b)
Start importing Assets/Samples/Cinemachine/2.6.11/Cinemachine Example Scenes/Shared/Textures/GridBox_Default.png using Guid(9470468fda72f4773a90a0306decbf0f) Importer(815301076,1909f56bfc062723c751e8b465ee728b)  -> (artifact id: '4b613ce19825c017e3ec5cd9b354ab80') in 0.008241 seconds 
  Import took 0.011558 seconds .

========================================================================
Received Import Request.
  Time since last request: 0.000384 seconds.
  path: Assets/Samples/Cinemachine/2.6.11/Cinemachine Example Scenes/Shared/Textures/GridBox_Trigger.png
  artifactKey: Guid(a14ac3ec63e90e7419f00be590aed374) Importer(815301076,1909f56bfc062723c751e8b465ee728b)
Start importing Assets/Samples/Cinemachine/2.6.11/Cinemachine Example Scenes/Shared/Textures/GridBox_Trigger.png using Guid(a14ac3ec63e90e7419f00be590aed374) Importer(815301076,1909f56bfc062723c751e8b465ee728b)  -> (artifact id: '9a920d8adb395a609d30c725789b2beb') in 0.011156 seconds 
  Import took 0.015128 seconds .

========================================================================
Received Import Request.
  Time since last request: 0.000305 seconds.
  path: Assets/Samples/Cinemachine/2.6.11/Cinemachine Example Scenes/Shared/Textures/GridBox_Trigger.tga
  artifactKey: Guid(1ba5e9ac4a1333240aade937f08bbcff) Importer(815301076,1909f56bfc062723c751e8b465ee728b)
Start importing Assets/Samples/Cinemachine/2.6.11/Cinemachine Example Scenes/Shared/Textures/GridBox_Trigger.tga using Guid(1ba5e9ac4a1333240aade937f08bbcff) Importer(815301076,1909f56bfc062723c751e8b465ee728b)  -> (artifact id: '66486679f398cdd967c5ebbe7c251232') in 0.013219 seconds 
  Import took 0.017950 seconds .

========================================================================
Received Import Request.
  Time since last request: 0.462402 seconds.
  path: Assets/Dark_Brown_GUI_kit/background/other/health_bar_background0.png
  artifactKey: Guid(26b06f7880a8ed54cb06594921d8c8c8) Importer(815301076,1909f56bfc062723c751e8b465ee728b)
Start importing Assets/Dark_Brown_GUI_kit/background/other/health_bar_background0.png using Guid(26b06f7880a8ed54cb06594921d8c8c8) Importer(815301076,1909f56bfc062723c751e8b465ee728b)  -> (artifact id: '25c748ef4e48613cfd5404ba976049d1') in 0.013391 seconds 
  Import took 0.019107 seconds .

========================================================================
Received Import Request.
  Time since last request: 0.000365 seconds.
  path: Assets/Dark_Brown_GUI_kit/background/other/health_bar_background1.png
  artifactKey: Guid(f8f975326b1f7184caa1edd29931cbca) Importer(815301076,1909f56bfc062723c751e8b465ee728b)
Start importing Assets/Dark_Brown_GUI_kit/background/other/health_bar_background1.png using Guid(f8f975326b1f7184caa1edd29931cbca) Importer(815301076,1909f56bfc062723c751e8b465ee728b)  -> (artifact id: '60225349dfa434a6f195afcc2fa70843') in 0.010019 seconds 
  Import took 0.013460 seconds .

========================================================================
Received Import Request.
  Time since last request: 0.038044 seconds.
  path: Assets/Dark_Brown_GUI_kit/background/other/health_bar_background2.png
  artifactKey: Guid(944fb2bcae6ae5f458cde0f853f59f7a) Importer(815301076,1909f56bfc062723c751e8b465ee728b)
Start importing Assets/Dark_Brown_GUI_kit/background/other/health_bar_background2.png using Guid(944fb2bcae6ae5f458cde0f853f59f7a) Importer(815301076,1909f56bfc062723c751e8b465ee728b)  -> (artifact id: 'f79141673c1ea1a4a870695ecda5b4ca') in 0.010623 seconds 
  Import took 0.014957 seconds .

========================================================================
Received Import Request.
  Time since last request: 0.163839 seconds.
  path: Assets/Dark_Brown_GUI_kit/frame/other/health_frame.png
  artifactKey: Guid(cd1e5898261008544abb9ba4284fba3e) Importer(815301076,1909f56bfc062723c751e8b465ee728b)
Start importing Assets/Dark_Brown_GUI_kit/frame/other/health_frame.png using Guid(cd1e5898261008544abb9ba4284fba3e) Importer(815301076,1909f56bfc062723c751e8b465ee728b)  -> (artifact id: '59277856a48e47633de0741b560c9a94') in 0.014418 seconds 
  Import took 0.019800 seconds .

========================================================================
Received Import Request.
  Time since last request: 0.031741 seconds.
  path: Assets/Dark_Brown_GUI_kit/skill_icon/holy/holy_hand.png
  artifactKey: Guid(5d4f7f8c18c81b14499cfb251e39af08) Importer(815301076,1909f56bfc062723c751e8b465ee728b)
Start importing Assets/Dark_Brown_GUI_kit/skill_icon/holy/holy_hand.png using Guid(5d4f7f8c18c81b14499cfb251e39af08) Importer(815301076,1909f56bfc062723c751e8b465ee728b)  -> (artifact id: '76be884df4f10a2e08197e6987ad1613') in 0.012913 seconds 
  Import took 0.017124 seconds .

========================================================================
Received Import Request.
  Time since last request: 0.000338 seconds.
  path: Assets/Dark_Brown_GUI_kit/skill_icon/holy/holy_smal_cross.png
  artifactKey: Guid(c8db1b0a9c81ccd4b8dba349465e89b8) Importer(815301076,1909f56bfc062723c751e8b465ee728b)
Start importing Assets/Dark_Brown_GUI_kit/skill_icon/holy/holy_smal_cross.png using Guid(c8db1b0a9c81ccd4b8dba349465e89b8) Importer(815301076,1909f56bfc062723c751e8b465ee728b)  -> (artifact id: '9c5f79eaef797ffb2763010ce0839d8b') in 0.015266 seconds 
  Import took 0.018947 seconds .

========================================================================
Received Import Request.
  Time since last request: 0.172538 seconds.
  path: Assets/Dark_Brown_GUI_kit/icon/simple/home.png
  artifactKey: Guid(947c90ea345a54944bf0e2dc4af85150) Importer(815301076,1909f56bfc062723c751e8b465ee728b)
Start importing Assets/Dark_Brown_GUI_kit/icon/simple/home.png using Guid(947c90ea345a54944bf0e2dc4af85150) Importer(815301076,1909f56bfc062723c751e8b465ee728b)  -> (artifact id: '59df56e3dedb4d2cac15cf43f09357d2') in 0.014813 seconds 
  Import took 0.019273 seconds .

========================================================================
Received Import Request.
  Time since last request: 0.000273 seconds.
  path: Assets/Dark_Brown_GUI_kit/icon/full_simple/home-.png
  artifactKey: Guid(c5cf91c030c0dcb458973d240a82c467) Importer(815301076,1909f56bfc062723c751e8b465ee728b)
Start importing Assets/Dark_Brown_GUI_kit/icon/full_simple/home-.png using Guid(c5cf91c030c0dcb458973d240a82c467) Importer(815301076,1909f56bfc062723c751e8b465ee728b)  -> (artifact id: '97e0a009edda8b87842afb6d45fdefd1') in 0.014481 seconds 
  Import took 0.018797 seconds .

========================================================================
Received Import Request.
  Time since last request: 0.036174 seconds.
  path: Assets/Dark_Brown_GUI_kit/skill_icon/ice/ice_gliphs.png
  artifactKey: Guid(9a9815bdf5e311646bdc4e9bf0f5b8a7) Importer(815301076,1909f56bfc062723c751e8b465ee728b)
Start importing Assets/Dark_Brown_GUI_kit/skill_icon/ice/ice_gliphs.png using Guid(9a9815bdf5e311646bdc4e9bf0f5b8a7) Importer(815301076,1909f56bfc062723c751e8b465ee728b)  -> (artifact id: '6f1702175592db1e3883ccdd8db14129') in 0.013475 seconds 
  Import took 0.017447 seconds .

========================================================================
Received Import Request.
  Time since last request: 0.166333 seconds.
  path: Assets/Samples/Cinemachine/2.6.11/Cinemachine Example Scenes/Shared/Models/UnityCharacter/Animations/Idle.fbx
  artifactKey: Guid(080945c46afd34f3ebc364c1696e6678) Importer(815301076,1909f56bfc062723c751e8b465ee728b)
Start importing Assets/Samples/Cinemachine/2.6.11/Cinemachine Example Scenes/Shared/Models/UnityCharacter/Animations/Idle.fbx using Guid(080945c46afd34f3ebc364c1696e6678) Importer(815301076,1909f56bfc062723c751e8b465ee728b)  -> (artifact id: 'a2829e015c19a9a65a920f6118c3be18') in 0.142873 seconds 
  Import took 0.147437 seconds .

========================================================================
Received Import Request.
  Time since last request: 1.166299 seconds.
  path: Assets/Dark_Brown_GUI_kit/icon/full_simple/inf-.png
  artifactKey: Guid(f40ff650866e4b146898cb05ffe9759f) Importer(815301076,1909f56bfc062723c751e8b465ee728b)
Start importing Assets/Dark_Brown_GUI_kit/icon/full_simple/inf-.png using Guid(f40ff650866e4b146898cb05ffe9759f) Importer(815301076,1909f56bfc062723c751e8b465ee728b)  -> (artifact id: 'da8f99b6f6f2678aa62f2eefd93ee561') in 0.015188 seconds 
  Import took 0.024450 seconds .

========================================================================
Received Import Request.
  Time since last request: 0.000351 seconds.
  path: Assets/Dark_Brown_GUI_kit/icon/full_simple/mail-.png
  artifactKey: Guid(5c93786963d2fc940a5e124d8e6df81a) Importer(815301076,1909f56bfc062723c751e8b465ee728b)
Start importing Assets/Dark_Brown_GUI_kit/icon/full_simple/mail-.png using Guid(5c93786963d2fc940a5e124d8e6df81a) Importer(815301076,1909f56bfc062723c751e8b465ee728b)  -> (artifact id: 'adc7a82acaf0c24319231a600808180b') in 0.014939 seconds 
  Import took 0.019265 seconds .

========================================================================
Received Import Request.
  Time since last request: 0.000376 seconds.
  path: Assets/Scenes/FirstFloor/Lightmap-1_comp_light.exr
  artifactKey: Guid(9ad6d2851bdbf0a4484a3112b2298ea6) Importer(815301076,1909f56bfc062723c751e8b465ee728b)
Start importing Assets/Scenes/FirstFloor/Lightmap-1_comp_light.exr using Guid(9ad6d2851bdbf0a4484a3112b2298ea6) Importer(815301076,1909f56bfc062723c751e8b465ee728b)  -> (artifact id: 'c29a06eed0ee9cea7a88c36a13d81656') in 0.016394 seconds 
  Import took 0.019877 seconds .

========================================================================
Received Import Request.
  Time since last request: 0.000346 seconds.
  path: Assets/Scenes/Cemetery/Lightmap-2_comp_light.exr
  artifactKey: Guid(06a4bcc95a1ad60468a8215af8f0d958) Importer(815301076,1909f56bfc062723c751e8b465ee728b)
Start importing Assets/Scenes/Cemetery/Lightmap-2_comp_light.exr using Guid(06a4bcc95a1ad60468a8215af8f0d958) Importer(815301076,1909f56bfc062723c751e8b465ee728b)  -> (artifact id: '8432367895be4b44051d466a1c7f7ec5') in 0.011494 seconds 
  Import took 0.016349 seconds .

========================================================================
Received Import Request.
  Time since last request: 0.000328 seconds.
  path: Assets/Scenes/FirstFloor/Lightmap-2_comp_dir.png
  artifactKey: Guid(27fb64f1a7958cb4b8c2d585b8864322) Importer(815301076,1909f56bfc062723c751e8b465ee728b)
Start importing Assets/Scenes/FirstFloor/Lightmap-2_comp_dir.png using Guid(27fb64f1a7958cb4b8c2d585b8864322) Importer(815301076,1909f56bfc062723c751e8b465ee728b)  -> (artifact id: '59ca36278bb38884c2d8fc41446135e1') in 0.013439 seconds 
  Import took 0.017782 seconds .

========================================================================
Received Import Request.
  Time since last request: 0.000342 seconds.
  path: Assets/Scenes/Cemetery/Lightmap-3_comp_dir.png
  artifactKey: Guid(b7a0c2dd8cc015440b82f4d636447e5b) Importer(815301076,1909f56bfc062723c751e8b465ee728b)
Start importing Assets/Scenes/Cemetery/Lightmap-3_comp_dir.png using Guid(b7a0c2dd8cc015440b82f4d636447e5b) Importer(815301076,1909f56bfc062723c751e8b465ee728b)  -> (artifact id: '45b44bb6248baf4dbeff0f7f5b0f52a2') in 0.010155 seconds 
  Import took 0.014037 seconds .

========================================================================
Received Import Request.
  Time since last request: 0.000335 seconds.
  path: Assets/Dark_Brown_GUI_kit/icon/simple/minus.png
  artifactKey: Guid(e7d8994674f13a843ae204459a5cc2f0) Importer(815301076,1909f56bfc062723c751e8b465ee728b)
Start importing Assets/Dark_Brown_GUI_kit/icon/simple/minus.png using Guid(e7d8994674f13a843ae204459a5cc2f0) Importer(815301076,1909f56bfc062723c751e8b465ee728b)  -> (artifact id: '8b07d34ad54b75d71a83abb437ebecda') in 0.011858 seconds 
  Import took 0.015567 seconds .

========================================================================
Received Import Request.
  Time since last request: 0.000271 seconds.
  path: Assets/Dark_Brown_GUI_kit/icon/full_simple/plus-.png
  artifactKey: Guid(56dab90ed4a467c4689d06c6cfb35dd8) Importer(815301076,1909f56bfc062723c751e8b465ee728b)
Start importing Assets/Dark_Brown_GUI_kit/icon/full_simple/plus-.png using Guid(56dab90ed4a467c4689d06c6cfb35dd8) Importer(815301076,1909f56bfc062723c751e8b465ee728b)  -> (artifact id: '213ee49d2d3f00fca92a763845b94cf8') in 0.013141 seconds 
  Import took 0.017546 seconds .

========================================================================
Received Import Request.
  Time since last request: 0.000318 seconds.
  path: Assets/Dark_Brown_GUI_kit/icon/simple/pointer_two.png
  artifactKey: Guid(3e67123ff259e2a4a9b413899d0af470) Importer(815301076,1909f56bfc062723c751e8b465ee728b)
Start importing Assets/Dark_Brown_GUI_kit/icon/simple/pointer_two.png using Guid(3e67123ff259e2a4a9b413899d0af470) Importer(815301076,1909f56bfc062723c751e8b465ee728b)  -> (artifact id: '706a07d76bcb0d1c5e2af46851ff236f') in 0.012344 seconds 
  Import took 0.016398 seconds .

========================================================================
Received Import Request.
  Time since last request: 0.000278 seconds.
  path: Assets/Dark_Brown_GUI_kit/icon/simple/pointer_one.png
  artifactKey: Guid(c0fb650272ab83a4f99120d8c81f6ed6) Importer(815301076,1909f56bfc062723c751e8b465ee728b)
Start importing Assets/Dark_Brown_GUI_kit/icon/simple/pointer_one.png using Guid(c0fb650272ab83a4f99120d8c81f6ed6) Importer(815301076,1909f56bfc062723c751e8b465ee728b)  -> (artifact id: 'cd880a103eaeb8ad6efa9f91f4c2d63a') in 0.011959 seconds 
  Import took 0.015912 seconds .

========================================================================
Received Import Request.
  Time since last request: 0.000370 seconds.
  path: Assets/Dark_Brown_GUI_kit/icon/simple/settings_two.png
  artifactKey: Guid(b466f373cf61341488397156f572633a) Importer(815301076,1909f56bfc062723c751e8b465ee728b)
Start importing Assets/Dark_Brown_GUI_kit/icon/simple/settings_two.png using Guid(b466f373cf61341488397156f572633a) Importer(815301076,1909f56bfc062723c751e8b465ee728b)  -> (artifact id: '309d9ab37be9186042a43e89a8453390') in 0.012132 seconds 
  Import took 0.016582 seconds .

========================================================================
Received Import Request.
  Time since last request: 0.000283 seconds.
  path: Assets/Dark_Brown_GUI_kit/icon/simple/settings_one.png
  artifactKey: Guid(c6b0826e1f975a64fb7b258b6ae477e1) Importer(815301076,1909f56bfc062723c751e8b465ee728b)
Start importing Assets/Dark_Brown_GUI_kit/icon/simple/settings_one.png using Guid(c6b0826e1f975a64fb7b258b6ae477e1) Importer(815301076,1909f56bfc062723c751e8b465ee728b)  -> (artifact id: 'a3912a91945b00622ee4547b8dbdfd97') in 0.012640 seconds 
  Import took 0.017004 seconds .

========================================================================
Received Import Request.
  Time since last request: 0.000295 seconds.
  path: Assets/Scenes/Cemetery/Lightmap-2_comp_dir.png
  artifactKey: Guid(39343708d1aac1e4e80ded5bfdd05777) Importer(815301076,1909f56bfc062723c751e8b465ee728b)
Start importing Assets/Scenes/Cemetery/Lightmap-2_comp_dir.png using Guid(39343708d1aac1e4e80ded5bfdd05777) Importer(815301076,1909f56bfc062723c751e8b465ee728b)  -> (artifact id: '80f6f8977b4747c4ec2bbd9e2b057032') in 0.007385 seconds 
  Import took 0.010904 seconds .

========================================================================
Received Import Request.
  Time since last request: 0.000262 seconds.
  path: Assets/Dark_Brown_GUI_kit/bar/mid/mid_dark_barA.png
  artifactKey: Guid(2762119f8e2815c40a7c976a7e4d4ffa) Importer(815301076,1909f56bfc062723c751e8b465ee728b)
Start importing Assets/Dark_Brown_GUI_kit/bar/mid/mid_dark_barA.png using Guid(2762119f8e2815c40a7c976a7e4d4ffa) Importer(815301076,1909f56bfc062723c751e8b465ee728b)  -> (artifact id: 'e82e5fe44ca22e43698f63479187ed95') in 0.017665 seconds 
  Import took 0.021531 seconds .

========================================================================
Received Import Request.
  Time since last request: 0.000384 seconds.
  path: Assets/Dark_Brown_GUI_kit/bar/mid/mid_dark_barA-vertical.png
  artifactKey: Guid(b0e6e046c25fe2e4bb1cc8dd174feb4c) Importer(815301076,1909f56bfc062723c751e8b465ee728b)
Start importing Assets/Dark_Brown_GUI_kit/bar/mid/mid_dark_barA-vertical.png using Guid(b0e6e046c25fe2e4bb1cc8dd174feb4c) Importer(815301076,1909f56bfc062723c751e8b465ee728b)  -> (artifact id: '63c9bff9d9a3979c43adf44f682c7219') in 0.018845 seconds 
  Import took 0.022616 seconds .

========================================================================
Received Import Request.
  Time since last request: 0.000235 seconds.
  path: Assets/Samples/Input System/1.2.0/Simple Demo/SimpleProjectile.prefab
  artifactKey: Guid(4be9e6cdd2d5d499ca5c16cc83fdf790) Importer(815301076,1909f56bfc062723c751e8b465ee728b)
Start importing Assets/Samples/Input System/1.2.0/Simple Demo/SimpleProjectile.prefab using Guid(4be9e6cdd2d5d499ca5c16cc83fdf790) Importer(815301076,1909f56bfc062723c751e8b465ee728b)  -> (artifact id: '4b8a63886e6f3fbd7f382d24ae4b51b5') in 0.008426 seconds 
  Import took 0.011751 seconds .

========================================================================
Received Import Request.
  Time since last request: 0.000256 seconds.
  path: Assets/Dark_Brown_GUI_kit/frame/mid/mid_frame.png
  artifactKey: Guid(84988dd5213b4f74883c8e666a70cc2a) Importer(815301076,1909f56bfc062723c751e8b465ee728b)
Start importing Assets/Dark_Brown_GUI_kit/frame/mid/mid_frame.png using Guid(84988dd5213b4f74883c8e666a70cc2a) Importer(815301076,1909f56bfc062723c751e8b465ee728b)  -> (artifact id: '18acb2632726068b9111c4ed15988119') in 0.016926 seconds 
  Import took 0.020671 seconds .

========================================================================
Received Import Request.
  Time since last request: 0.000248 seconds.
  path: Assets/Dark_Brown_GUI_kit/frame/mid/mid_frameA.png
  artifactKey: Guid(77a8fd08d4767044991261e926cac755) Importer(815301076,1909f56bfc062723c751e8b465ee728b)
Start importing Assets/Dark_Brown_GUI_kit/frame/mid/mid_frameA.png using Guid(77a8fd08d4767044991261e926cac755) Importer(815301076,1909f56bfc062723c751e8b465ee728b)  -> (artifact id: '04e0ccc5e4b4c96eb38dbf345fc79829') in 0.015880 seconds 
  Import took 0.019621 seconds .

========================================================================
Received Import Request.
  Time since last request: 0.000326 seconds.
  path: Assets/Scenes/Cemetery/Lightmap-2_comp_shadowmask.png
  artifactKey: Guid(50e0e306c6f4b9d4bbd9b9fe86db98bf) Importer(815301076,1909f56bfc062723c751e8b465ee728b)
Start importing Assets/Scenes/Cemetery/Lightmap-2_comp_shadowmask.png using Guid(50e0e306c6f4b9d4bbd9b9fe86db98bf) Importer(815301076,1909f56bfc062723c751e8b465ee728b)  -> (artifact id: '2157e20a67d4ff5dcc9fc0edbc06a8d5') in 0.014896 seconds 
  Import took 0.018120 seconds .

========================================================================
Received Import Request.
  Time since last request: 0.000317 seconds.
  path: Assets/Dark_Brown_GUI_kit/icon/full_simple/pointer_two-.png
  artifactKey: Guid(852d31c39aae68a4b8c0b2e7c25d4c7b) Importer(815301076,1909f56bfc062723c751e8b465ee728b)
Start importing Assets/Dark_Brown_GUI_kit/icon/full_simple/pointer_two-.png using Guid(852d31c39aae68a4b8c0b2e7c25d4c7b) Importer(815301076,1909f56bfc062723c751e8b465ee728b)  -> (artifact id: 'd25f8452079ef0c18a329794b3f3e9ff') in 0.014425 seconds 
  Import took 0.017660 seconds .

========================================================================
Received Import Request.
  Time since last request: 0.000354 seconds.
  path: Assets/Dark_Brown_GUI_kit/icon/full_simple/magic-.png
  artifactKey: Guid(d608dff4746b4a74c93b960f71cc071e) Importer(815301076,1909f56bfc062723c751e8b465ee728b)
Start importing Assets/Dark_Brown_GUI_kit/icon/full_simple/magic-.png using Guid(d608dff4746b4a74c93b960f71cc071e) Importer(815301076,1909f56bfc062723c751e8b465ee728b)  -> (artifact id: '1b11a87372fbba5a7662d2ca7ae76a28') in 0.014543 seconds 
  Import took 0.018370 seconds .

========================================================================
Received Import Request.
  Time since last request: 0.000277 seconds.
  path: Assets/Dark_Brown_GUI_kit/icon/full_simple/settings_one-.png
  artifactKey: Guid(de8132666e21b9c4d89831a5d30b4550) Importer(815301076,1909f56bfc062723c751e8b465ee728b)
Start importing Assets/Dark_Brown_GUI_kit/icon/full_simple/settings_one-.png using Guid(de8132666e21b9c4d89831a5d30b4550) Importer(815301076,1909f56bfc062723c751e8b465ee728b)  -> (artifact id: '369c61aad1927242b8b59e290b01f089') in 0.012748 seconds 
  Import took 0.017539 seconds .

========================================================================
Received Import Request.
  Time since last request: 0.000371 seconds.
  path: Assets/Dark_Brown_GUI_kit/icon/full_simple/pointer_one-.png
  artifactKey: Guid(366afa2151bde144a94667064866ccea) Importer(815301076,1909f56bfc062723c751e8b465ee728b)
Start importing Assets/Dark_Brown_GUI_kit/icon/full_simple/pointer_one-.png using Guid(366afa2151bde144a94667064866ccea) Importer(815301076,1909f56bfc062723c751e8b465ee728b)  -> (artifact id: 'fc1e8915de3f1e4b2f18f9dda77fd8da') in 0.012634 seconds 
  Import took 0.017147 seconds .

========================================================================
Received Import Request.
  Time since last request: 0.000329 seconds.
  path: Assets/Dark_Brown_GUI_kit/icon/full_simple/settings_two-.png
  artifactKey: Guid(559cf984b2733f145a080ea2b4e7a189) Importer(815301076,1909f56bfc062723c751e8b465ee728b)
Start importing Assets/Dark_Brown_GUI_kit/icon/full_simple/settings_two-.png using Guid(559cf984b2733f145a080ea2b4e7a189) Importer(815301076,1909f56bfc062723c751e8b465ee728b)  -> (artifact id: '3663732ba6b98973122791ef83b2d287') in 0.012981 seconds 
  Import took 0.016669 seconds .

========================================================================
Received Import Request.
  Time since last request: 0.000382 seconds.
  path: Assets/Scenes/FirstFloor/Lightmap-2_comp_light.exr
  artifactKey: Guid(c54c4cb6b9d4bb547aac5a59c08d8d8b) Importer(815301076,1909f56bfc062723c751e8b465ee728b)
Start importing Assets/Scenes/FirstFloor/Lightmap-2_comp_light.exr using Guid(c54c4cb6b9d4bb547aac5a59c08d8d8b) Importer(815301076,1909f56bfc062723c751e8b465ee728b)  -> (artifact id: 'c89a2b9dcdb48d5f24cd67c65200539c') in 0.012362 seconds 
  Import took 0.016726 seconds .

========================================================================
Received Import Request.
  Time since last request: 0.000342 seconds.
  path: Assets/Dark_Brown_GUI_kit/frame/mini/mini_frame1.png
  artifactKey: Guid(c9438522d0a344441910ebd902751a3d) Importer(815301076,1909f56bfc062723c751e8b465ee728b)
Start importing Assets/Dark_Brown_GUI_kit/frame/mini/mini_frame1.png using Guid(c9438522d0a344441910ebd902751a3d) Importer(815301076,1909f56bfc062723c751e8b465ee728b)  -> (artifact id: '833bc173c6e5163caf7048a91a0a0364') in 0.013353 seconds 
  Import took 0.016717 seconds .

========================================================================
Received Import Request.
  Time since last request: 0.000305 seconds.
  path: Assets/Scenes/Cemetery/Lightmap-1_comp_shadowmask.png
  artifactKey: Guid(aaad3371374ec6c4eafc42a997651457) Importer(815301076,1909f56bfc062723c751e8b465ee728b)
Start importing Assets/Scenes/Cemetery/Lightmap-1_comp_shadowmask.png using Guid(aaad3371374ec6c4eafc42a997651457) Importer(815301076,1909f56bfc062723c751e8b465ee728b)  -> (artifact id: 'cdbfed5286f2b091aa8778de65e6ff15') in 0.008478 seconds 
  Import took 0.012014 seconds .

========================================================================
Received Import Request.
  Time since last request: 0.000362 seconds.
  path: Assets/Scenes/FirstFloor/Lightmap-3_comp_dir.png
  artifactKey: Guid(e8c0a5f3ed7a33b4c9821d051e9ea550) Importer(815301076,1909f56bfc062723c751e8b465ee728b)
Start importing Assets/Scenes/FirstFloor/Lightmap-3_comp_dir.png using Guid(e8c0a5f3ed7a33b4c9821d051e9ea550) Importer(815301076,1909f56bfc062723c751e8b465ee728b)  -> (artifact id: '967c17dd45a2c4820822bc8da75b7310') in 0.013466 seconds 
  Import took 0.018088 seconds .

========================================================================
Received Import Request.
  Time since last request: 0.000355 seconds.
  path: Assets/Dark_Brown_GUI_kit/icon/simple/magic.png
  artifactKey: Guid(92f13e9486deabe488d9a76155de578f) Importer(815301076,1909f56bfc062723c751e8b465ee728b)
Start importing Assets/Dark_Brown_GUI_kit/icon/simple/magic.png using Guid(92f13e9486deabe488d9a76155de578f) Importer(815301076,1909f56bfc062723c751e8b465ee728b)  -> (artifact id: 'd5ffad32ee259c9e79b93bbbaa991adc') in 0.014084 seconds 
  Import took 0.018014 seconds .

========================================================================
Received Import Request.
  Time since last request: 0.000262 seconds.
  path: Assets/Samples/Input System/1.2.0/UI vs. Game Input/UIvsGameInput.inputactions
  artifactKey: Guid(100b460020a15704692cc0ec34331d8a) Importer(815301076,1909f56bfc062723c751e8b465ee728b)
Start importing Assets/Samples/Input System/1.2.0/UI vs. Game Input/UIvsGameInput.inputactions using Guid(100b460020a15704692cc0ec34331d8a) Importer(815301076,1909f56bfc062723c751e8b465ee728b)  -> (artifact id: 'e6475f2de73fa9aabb71165d23e84b49') in 0.006944 seconds 
  Import took 0.010394 seconds .

========================================================================
Received Import Request.
  Time since last request: 0.000339 seconds.
  path: Assets/Dark_Brown_GUI_kit/icon/full_simple/minus-.png
  artifactKey: Guid(7f3af7f6c26de804dae8e33c99d7115f) Importer(815301076,1909f56bfc062723c751e8b465ee728b)
Start importing Assets/Dark_Brown_GUI_kit/icon/full_simple/minus-.png using Guid(7f3af7f6c26de804dae8e33c99d7115f) Importer(815301076,1909f56bfc062723c751e8b465ee728b)  -> (artifact id: 'c98d048bc658e409b83db26330c377f7') in 0.013004 seconds 
  Import took 0.016779 seconds .

========================================================================
Received Import Request.
  Time since last request: 0.000268 seconds.
  path: Assets/Samples/Cinemachine/2.6.11/Cinemachine Example Scenes/Scenes/Trigger volumes/Trigger cube.prefab
  artifactKey: Guid(eb2690c0771f68c48823fc4a7816d734) Importer(815301076,1909f56bfc062723c751e8b465ee728b)
Start importing Assets/Samples/Cinemachine/2.6.11/Cinemachine Example Scenes/Scenes/Trigger volumes/Trigger cube.prefab using Guid(eb2690c0771f68c48823fc4a7816d734) Importer(815301076,1909f56bfc062723c751e8b465ee728b)  -> (artifact id: 'ee4d3f8a99ef898cc7c5ed2f7f29ec18') in 0.008627 seconds 
  Import took 0.012162 seconds .

========================================================================
Received Import Request.
  Time since last request: 0.000302 seconds.
  path: Assets/Dark_Brown_GUI_kit/background/mid/middle_dark_background0.png
  artifactKey: Guid(0c5b265d9efe6394783166841ebe1738) Importer(815301076,1909f56bfc062723c751e8b465ee728b)
Start importing Assets/Dark_Brown_GUI_kit/background/mid/middle_dark_background0.png using Guid(0c5b265d9efe6394783166841ebe1738) Importer(815301076,1909f56bfc062723c751e8b465ee728b)  -> (artifact id: 'cfbff4bcd9a0ca355efec8f2c2e5ca95') in 0.019473 seconds 
  Import took 0.023324 seconds .

========================================================================
Received Import Request.
  Time since last request: 0.000385 seconds.
  path: Assets/Dark_Brown_GUI_kit/icon/simple/mail.png
  artifactKey: Guid(289d5842c7faba94d92c3e00fa11762d) Importer(815301076,1909f56bfc062723c751e8b465ee728b)
Start importing Assets/Dark_Brown_GUI_kit/icon/simple/mail.png using Guid(289d5842c7faba94d92c3e00fa11762d) Importer(815301076,1909f56bfc062723c751e8b465ee728b)  -> (artifact id: 'c97957a7755422d14a05da655c6a53f9') in 0.011897 seconds 
  Import took 0.015292 seconds .

========================================================================
Received Import Request.
  Time since last request: 1.580242 seconds.
  path: Assets/Samples/Input System/1.2.0/Rebinding UI/Icons/XboxOne_RB.png
  artifactKey: Guid(ed60ff0de79971e468ae179e077d66ca) Importer(815301076,1909f56bfc062723c751e8b465ee728b)
Start importing Assets/Samples/Input System/1.2.0/Rebinding UI/Icons/XboxOne_RB.png using Guid(ed60ff0de79971e468ae179e077d66ca) Importer(815301076,1909f56bfc062723c751e8b465ee728b)  -> (artifact id: '6fcbd3cf39785aade2cdc8aabce964fb') in 0.013687 seconds 
  Import took 0.018042 seconds .

========================================================================
Received Import Request.
  Time since last request: 0.000380 seconds.
  path: Assets/Samples/Input System/1.2.0/Rebinding UI/Icons/XboxOne_RT.png
  artifactKey: Guid(0ae60af4bd5e539409acc10ec4300105) Importer(815301076,1909f56bfc062723c751e8b465ee728b)
Start importing Assets/Samples/Input System/1.2.0/Rebinding UI/Icons/XboxOne_RT.png using Guid(0ae60af4bd5e539409acc10ec4300105) Importer(815301076,1909f56bfc062723c751e8b465ee728b)  -> (artifact id: '52a9a88563045004b1ca98ea5c24a2a2') in 0.012879 seconds 
  Import took 0.017145 seconds .

========================================================================
Received Import Request.
  Time since last request: 0.000373 seconds.
  path: Assets/Dark_Brown_GUI_kit/icon/simple/search.png
  artifactKey: Guid(3e3e665514228e34b8075f5649821a81) Importer(815301076,1909f56bfc062723c751e8b465ee728b)
Start importing Assets/Dark_Brown_GUI_kit/icon/simple/search.png using Guid(3e3e665514228e34b8075f5649821a81) Importer(815301076,1909f56bfc062723c751e8b465ee728b)  -> (artifact id: '04a217e3379a1762c4df1f608eaf45c8') in 0.011333 seconds 
  Import took 0.014979 seconds .

========================================================================
Received Import Request.
  Time since last request: 0.000279 seconds.
  path: Assets/Samples/Input System/1.2.0/Rebinding UI/Icons/XboxOne_Windows.png
  artifactKey: Guid(4273c283a5e145a468dc60af5dcb46e7) Importer(815301076,1909f56bfc062723c751e8b465ee728b)
Start importing Assets/Samples/Input System/1.2.0/Rebinding UI/Icons/XboxOne_Windows.png using Guid(4273c283a5e145a468dc60af5dcb46e7) Importer(815301076,1909f56bfc062723c751e8b465ee728b)  -> (artifact id: '3fc669b2ee2316674b0da2ad150a898f') in 0.011461 seconds 
  Import took 0.014870 seconds .

========================================================================
Received Import Request.
  Time since last request: 0.000285 seconds.
  path: Assets/Dark_Brown_GUI_kit/icon/simple/password.png
  artifactKey: Guid(a7725ab1afa661d48b04d1e13d03a7ae) Importer(815301076,1909f56bfc062723c751e8b465ee728b)
Start importing Assets/Dark_Brown_GUI_kit/icon/simple/password.png using Guid(a7725ab1afa661d48b04d1e13d03a7ae) Importer(815301076,1909f56bfc062723c751e8b465ee728b)  -> (artifact id: 'b255ba8f7f6debf8f02cddc23b03e859') in 0.011804 seconds 
  Import took 0.015453 seconds .

========================================================================
Received Import Request.
  Time since last request: 0.000289 seconds.
  path: Assets/Samples/Input System/1.2.0/Rebinding UI/Icons/XboxOne_Right_Stick.png
  artifactKey: Guid(9c61f7c9d0b7b8b4f9d2350b73289e23) Importer(815301076,1909f56bfc062723c751e8b465ee728b)
Start importing Assets/Samples/Input System/1.2.0/Rebinding UI/Icons/XboxOne_Right_Stick.png using Guid(9c61f7c9d0b7b8b4f9d2350b73289e23) Importer(815301076,1909f56bfc062723c751e8b465ee728b)  -> (artifact id: 'b8c265685faca4a50f32c79f29cb7140') in 0.011821 seconds 
  Import took 0.015972 seconds .

========================================================================
Received Import Request.
  Time since last request: 0.000331 seconds.
  path: Assets/StoneUI/Buttons_256x256/button_white.png
  artifactKey: Guid(16086806b977cb4499b2ff322ca7eedf) Importer(815301076,1909f56bfc062723c751e8b465ee728b)
Start importing Assets/StoneUI/Buttons_256x256/button_white.png using Guid(16086806b977cb4499b2ff322ca7eedf) Importer(815301076,1909f56bfc062723c751e8b465ee728b)  -> (artifact id: '435e739eab86d3c1f130571025bf2a4f') in 0.194423 seconds 
  Import took 0.198526 seconds .

========================================================================
Received Import Request.
  Time since last request: 0.000315 seconds.
  path: Assets/Dark_Brown_GUI_kit/button/circle/button_circle2.png
  artifactKey: Guid(d26134cedeca2244a8c87becbf032b75) Importer(815301076,1909f56bfc062723c751e8b465ee728b)
Start importing Assets/Dark_Brown_GUI_kit/button/circle/button_circle2.png using Guid(d26134cedeca2244a8c87becbf032b75) Importer(815301076,1909f56bfc062723c751e8b465ee728b)  -> (artifact id: '1c8c41c0b251b9e8063cab675fe03f7c') in 0.013149 seconds 
  Import took 0.016713 seconds .

========================================================================
Received Import Request.
  Time since last request: 0.000350 seconds.
  path: Assets/StoneUI/Buttons_512x512/Moss_Grey/button_moss_grey27.png
  artifactKey: Guid(abb29df9cd403494c8a6ac5c6b8640d7) Importer(815301076,1909f56bfc062723c751e8b465ee728b)
Start importing Assets/StoneUI/Buttons_512x512/Moss_Grey/button_moss_grey27.png using Guid(abb29df9cd403494c8a6ac5c6b8640d7) Importer(815301076,1909f56bfc062723c751e8b465ee728b)  -> (artifact id: 'bcf109e9cfd19a57e5867d8a6c557cce') in 0.013838 seconds 
  Import took 0.017386 seconds .

========================================================================
Received Import Request.
  Time since last request: 0.000292 seconds.
  path: Assets/StoneUI/Buttons_512x512/Moss_Blue/button_moss_blue50.png
  artifactKey: Guid(d6f804889dad41e4b8dc6f7b1d8d4886) Importer(815301076,1909f56bfc062723c751e8b465ee728b)
Start importing Assets/StoneUI/Buttons_512x512/Moss_Blue/button_moss_blue50.png using Guid(d6f804889dad41e4b8dc6f7b1d8d4886) Importer(815301076,1909f56bfc062723c751e8b465ee728b)  -> (artifact id: 'a216b7733b4700f20a80072105f86da7') in 0.015368 seconds 
  Import took 0.018819 seconds .

========================================================================
Received Import Request.
  Time since last request: 0.000300 seconds.
  path: Assets/StoneUI/Buttons_512x512/Moss_Blue/button_moss_blue29.png
  artifactKey: Guid(6bc1349f6a52aaf4487a9a83eecc801b) Importer(815301076,1909f56bfc062723c751e8b465ee728b)
Start importing Assets/StoneUI/Buttons_512x512/Moss_Blue/button_moss_blue29.png using Guid(6bc1349f6a52aaf4487a9a83eecc801b) Importer(815301076,1909f56bfc062723c751e8b465ee728b)  -> (artifact id: 'f1153e67916ce31ccaa18fb61be6b902') in 0.013849 seconds 
  Import took 0.017682 seconds .

========================================================================
Received Import Request.
  Time since last request: 0.000509 seconds.
  path: Assets/StoneUI/Buttons_512x512/Moss_Red/button_moss_red5.png
  artifactKey: Guid(1cb3a46ae220bff4faf7216bb9765b93) Importer(815301076,1909f56bfc062723c751e8b465ee728b)
Start importing Assets/StoneUI/Buttons_512x512/Moss_Red/button_moss_red5.png using Guid(1cb3a46ae220bff4faf7216bb9765b93) Importer(815301076,1909f56bfc062723c751e8b465ee728b)  -> (artifact id: 'fac77746e74b7186a6eca6442efae48e') in 0.014088 seconds 
  Import took 0.018255 seconds .

========================================================================
Received Import Request.
  Time since last request: 0.000357 seconds.
  path: Assets/Dark_Brown_GUI_kit/bar/big/big_circle_bar0.png
  artifactKey: Guid(6eee6340a63b4d34e9ca211124060bf6) Importer(815301076,1909f56bfc062723c751e8b465ee728b)
Start importing Assets/Dark_Brown_GUI_kit/bar/big/big_circle_bar0.png using Guid(6eee6340a63b4d34e9ca211124060bf6) Importer(815301076,1909f56bfc062723c751e8b465ee728b)  -> (artifact id: 'bf9c7c8647f53751548d0cae95903416') in 0.016357 seconds 
  Import took 0.020001 seconds .

========================================================================
Received Import Request.
  Time since last request: 0.000368 seconds.
  path: Assets/Dark_Brown_GUI_kit/bar/big/big_circle_bar1.png
  artifactKey: Guid(488638513cd8c574f9907cd162afeac6) Importer(815301076,1909f56bfc062723c751e8b465ee728b)
Start importing Assets/Dark_Brown_GUI_kit/bar/big/big_circle_bar1.png using Guid(488638513cd8c574f9907cd162afeac6) Importer(815301076,1909f56bfc062723c751e8b465ee728b)  -> (artifact id: '127cbce07333793770cbf30c47d773db') in 0.016469 seconds 
  Import took 0.019970 seconds .

========================================================================
Received Import Request.
  Time since last request: 0.000325 seconds.
  path: Assets/Samples/Cinemachine/2.6.11/Cinemachine Example Scenes/Shared/Models/UnityCharacter/Prefabs/3rdPersonController.prefab
  artifactKey: Guid(f9dee39d229a4bb4087224760ba2d338) Importer(815301076,1909f56bfc062723c751e8b465ee728b)
Start importing Assets/Samples/Cinemachine/2.6.11/Cinemachine Example Scenes/Shared/Models/UnityCharacter/Prefabs/3rdPersonController.prefab using Guid(f9dee39d229a4bb4087224760ba2d338) Importer(815301076,1909f56bfc062723c751e8b465ee728b)  -> (artifact id: 'ec66e39496e6b9b7eaafbb1df04d31be') in 0.135126 seconds 
  Import took 0.139834 seconds .

========================================================================
Received Import Request.
  Time since last request: 0.000329 seconds.
  path: Assets/StoneUI/Buttons_256x256/button_moss_blue.png
  artifactKey: Guid(64a7c8f38d213274f8f497bb697b41a8) Importer(815301076,1909f56bfc062723c751e8b465ee728b)
Start importing Assets/StoneUI/Buttons_256x256/button_moss_blue.png using Guid(64a7c8f38d213274f8f497bb697b41a8) Importer(815301076,1909f56bfc062723c751e8b465ee728b)  -> (artifact id: '47aae6e652e4eea671b24c23ca0548f9') in 0.189881 seconds 
  Import took 0.193033 seconds .

========================================================================
Received Import Request.
  Time since last request: 0.000336 seconds.
  path: Assets/StoneUI/Buttons_512x512/Moss_Green/button_moss_green43.png
  artifactKey: Guid(6ba9d7fe72e153e499ba0405223fa295) Importer(815301076,1909f56bfc062723c751e8b465ee728b)
Start importing Assets/StoneUI/Buttons_512x512/Moss_Green/button_moss_green43.png using Guid(6ba9d7fe72e153e499ba0405223fa295) Importer(815301076,1909f56bfc062723c751e8b465ee728b)  -> (artifact id: '15c533f60a3dd456f2734d84d31f9cee') in 0.014746 seconds 
  Import took 0.018667 seconds .

========================================================================
Received Import Request.
  Time since last request: 0.000310 seconds.
  path: Assets/StoneUI/Buttons_512x512/Moss_Green/button_moss_green9.png
  artifactKey: Guid(bb084099b7d0ec94bb9a9b79efe7a4a8) Importer(815301076,1909f56bfc062723c751e8b465ee728b)
Start importing Assets/StoneUI/Buttons_512x512/Moss_Green/button_moss_green9.png using Guid(bb084099b7d0ec94bb9a9b79efe7a4a8) Importer(815301076,1909f56bfc062723c751e8b465ee728b)  -> (artifact id: '035ab73341735903e1c749907a1c8791') in 0.014455 seconds 
  Import took 0.017609 seconds .

========================================================================
Received Import Request.
  Time since last request: 0.000326 seconds.
  path: Assets/StoneUI/Buttons_512x512/Moss_Blue/button_moss_blue27.png
  artifactKey: Guid(ee8346b6517631c41833c92aa160e5c7) Importer(815301076,1909f56bfc062723c751e8b465ee728b)
Start importing Assets/StoneUI/Buttons_512x512/Moss_Blue/button_moss_blue27.png using Guid(ee8346b6517631c41833c92aa160e5c7) Importer(815301076,1909f56bfc062723c751e8b465ee728b)  -> (artifact id: '74d2e7ca0cccc21398838acbe6589fc5') in 0.014772 seconds 
  Import took 0.019205 seconds .

========================================================================
Received Import Request.
  Time since last request: 0.000338 seconds.
  path: Assets/Samples/Input System/1.2.0/Rebinding UI/Icons/XboxOne_X.png
  artifactKey: Guid(cde7469096582e04897fae80dfc34fbe) Importer(815301076,1909f56bfc062723c751e8b465ee728b)
Start importing Assets/Samples/Input System/1.2.0/Rebinding UI/Icons/XboxOne_X.png using Guid(cde7469096582e04897fae80dfc34fbe) Importer(815301076,1909f56bfc062723c751e8b465ee728b)  -> (artifact id: 'e30b394cff2ecf706623cd52bc4cecd6') in 0.011260 seconds 
  Import took 0.015503 seconds .

========================================================================
Received Import Request.
  Time since last request: 0.000421 seconds.
  path: Assets/Dark_Brown_GUI_kit/background/big/big_dark_background0.png
  artifactKey: Guid(206bfb37d1cbb674297dd75f983ad530) Importer(815301076,1909f56bfc062723c751e8b465ee728b)
Start importing Assets/Dark_Brown_GUI_kit/background/big/big_dark_background0.png using Guid(206bfb37d1cbb674297dd75f983ad530) Importer(815301076,1909f56bfc062723c751e8b465ee728b)  -> (artifact id: '5dcea2aa9b22c219cab4936c4cfe49cd') in 0.016180 seconds 
  Import took 0.020103 seconds .

========================================================================
Received Import Request.
  Time since last request: 0.000265 seconds.
  path: Assets/StoneUI/Buttons_256x256/button_moss_green.png
  artifactKey: Guid(096ec2c5d118e4e44a6a2e3abc02d7c2) Importer(815301076,1909f56bfc062723c751e8b465ee728b)
Start importing Assets/StoneUI/Buttons_256x256/button_moss_green.png using Guid(096ec2c5d118e4e44a6a2e3abc02d7c2) Importer(815301076,1909f56bfc062723c751e8b465ee728b)  -> (artifact id: '706dc8870a995d16c8a15d8e25397747') in 0.223608 seconds 
  Import took 0.226932 seconds .

========================================================================
Received Import Request.
  Time since last request: 0.000355 seconds.
  path: Assets/StoneUI/Buttons_128x128/button_moss_blue.png
  artifactKey: Guid(75d23c909658dec419a00762106e1e10) Importer(815301076,1909f56bfc062723c751e8b465ee728b)
Start importing Assets/StoneUI/Buttons_128x128/button_moss_blue.png using Guid(75d23c909658dec419a00762106e1e10) Importer(815301076,1909f56bfc062723c751e8b465ee728b)  -> (artifact id: '8878f04a0f4eedc8cffbdceb49774a54') in 0.192852 seconds 
  Import took 0.196112 seconds .

========================================================================
Received Import Request.
  Time since last request: 0.000346 seconds.
  path: Assets/StoneUI/Buttons_512x512/Moss_Blue/button_moss_blue48.png
  artifactKey: Guid(17909212a82b6c9448220726d192708f) Importer(815301076,1909f56bfc062723c751e8b465ee728b)
Start importing Assets/StoneUI/Buttons_512x512/Moss_Blue/button_moss_blue48.png using Guid(17909212a82b6c9448220726d192708f) Importer(815301076,1909f56bfc062723c751e8b465ee728b)  -> (artifact id: 'e5a073410d6ce3587c0a201a56b0515b') in 0.015837 seconds 
  Import took 0.019384 seconds .

========================================================================
Received Import Request.
  Time since last request: 0.000316 seconds.
  path: Assets/Dark_Brown_GUI_kit/icon/full_simple/search-.png
  artifactKey: Guid(423f430e62097c140ae7fab0688d95fb) Importer(815301076,1909f56bfc062723c751e8b465ee728b)
Start importing Assets/Dark_Brown_GUI_kit/icon/full_simple/search-.png using Guid(423f430e62097c140ae7fab0688d95fb) Importer(815301076,1909f56bfc062723c751e8b465ee728b)  -> (artifact id: 'e2d91cc6bedb4098fda7526dbc4eef3a') in 0.013928 seconds 
  Import took 0.017243 seconds .

========================================================================
Received Import Request.
  Time since last request: 0.000380 seconds.
  path: Assets/StoneUI/Buttons_512x512/Moss_Red/button_moss_red2.png
  artifactKey: Guid(575009d87cee268408af449e1b462227) Importer(815301076,1909f56bfc062723c751e8b465ee728b)
Start importing Assets/StoneUI/Buttons_512x512/Moss_Red/button_moss_red2.png using Guid(575009d87cee268408af449e1b462227) Importer(815301076,1909f56bfc062723c751e8b465ee728b)  -> (artifact id: '697e18c39f5e4086fb77d54878cf0427') in 0.015835 seconds 
  Import took 0.020046 seconds .

========================================================================
Received Import Request.
  Time since last request: 0.000336 seconds.
  path: Assets/Dark_Brown_GUI_kit/button/circle/button_circle1.png
  artifactKey: Guid(5570dfe9182681046ac35c08f0ac06e4) Importer(815301076,1909f56bfc062723c751e8b465ee728b)
Start importing Assets/Dark_Brown_GUI_kit/button/circle/button_circle1.png using Guid(5570dfe9182681046ac35c08f0ac06e4) Importer(815301076,1909f56bfc062723c751e8b465ee728b)  -> (artifact id: '0e1f424472ecce7453f6e64242727d28') in 0.014284 seconds 
  Import took 0.017828 seconds .

========================================================================
Received Import Request.
  Time since last request: 0.000366 seconds.
  path: Assets/Dark_Brown_GUI_kit/frame/big/big_circle_frame.png
  artifactKey: Guid(7d11ab86e1ff13a4bb027fb7e3f74d53) Importer(815301076,1909f56bfc062723c751e8b465ee728b)
Start importing Assets/Dark_Brown_GUI_kit/frame/big/big_circle_frame.png using Guid(7d11ab86e1ff13a4bb027fb7e3f74d53) Importer(815301076,1909f56bfc062723c751e8b465ee728b)  -> (artifact id: 'fb8fb664c33a17dfd5bd5b05442bf502') in 0.015890 seconds 
  Import took 0.019162 seconds .

========================================================================
Received Import Request.
  Time since last request: 0.000257 seconds.
  path: Assets/Dark_Brown_GUI_kit/icon/full_simple/scroll-.png
  artifactKey: Guid(27a7002bc3594784e869d11cb5103e89) Importer(815301076,1909f56bfc062723c751e8b465ee728b)
Start importing Assets/Dark_Brown_GUI_kit/icon/full_simple/scroll-.png using Guid(27a7002bc3594784e869d11cb5103e89) Importer(815301076,1909f56bfc062723c751e8b465ee728b)  -> (artifact id: '6ac9329a164e0ace4f6e604ededf19a1') in 0.013120 seconds 
  Import took 0.016212 seconds .

========================================================================
Received Import Request.
  Time since last request: 0.000345 seconds.
  path: Assets/StoneUI/Buttons_512x512/Moss_Blue/button_moss_blue47.png
  artifactKey: Guid(89d05f349eb487a4c8f51d455db872e6) Importer(815301076,1909f56bfc062723c751e8b465ee728b)
Start importing Assets/StoneUI/Buttons_512x512/Moss_Blue/button_moss_blue47.png using Guid(89d05f349eb487a4c8f51d455db872e6) Importer(815301076,1909f56bfc062723c751e8b465ee728b)  -> (artifact id: 'f0cdc45552fc4e97bdd8d62b11414aff') in 0.016526 seconds 
  Import took 0.019718 seconds .

========================================================================
Received Import Request.
  Time since last request: 0.000329 seconds.
  path: Assets/StoneUI/Buttons_512x512/Moss_Green/button_moss_green6.png
  artifactKey: Guid(7407206070acc7047b2a156176e5783e) Importer(815301076,1909f56bfc062723c751e8b465ee728b)
Start importing Assets/StoneUI/Buttons_512x512/Moss_Green/button_moss_green6.png using Guid(7407206070acc7047b2a156176e5783e) Importer(815301076,1909f56bfc062723c751e8b465ee728b)  -> (artifact id: 'a4bbeac98622f8f593b53d5e2d24dc7b') in 0.013274 seconds 
  Import took 0.016919 seconds .

========================================================================
Received Import Request.
  Time since last request: 0.000305 seconds.
  path: Assets/Dark_Brown_GUI_kit/button/circle/button_circle0.png
  artifactKey: Guid(5008b9d64581d43479e4aa77973e256d) Importer(815301076,1909f56bfc062723c751e8b465ee728b)
Start importing Assets/Dark_Brown_GUI_kit/button/circle/button_circle0.png using Guid(5008b9d64581d43479e4aa77973e256d) Importer(815301076,1909f56bfc062723c751e8b465ee728b)  -> (artifact id: '54a137f94fdf561f8220417a1a3deb50') in 0.012154 seconds 
  Import took 0.015573 seconds .

========================================================================
Received Import Request.
  Time since last request: 0.000337 seconds.
  path: Assets/StoneUI/Buttons_512x512/Moss_Blue/button_moss_blue25.png
  artifactKey: Guid(de0ad07a9ba50a044a0afb14bc5d1d1c) Importer(815301076,1909f56bfc062723c751e8b465ee728b)
Start importing Assets/StoneUI/Buttons_512x512/Moss_Blue/button_moss_blue25.png using Guid(de0ad07a9ba50a044a0afb14bc5d1d1c) Importer(815301076,1909f56bfc062723c751e8b465ee728b)  -> (artifact id: 'aac639bf20a81c5fdfd6df4b3dd69cef') in 0.014825 seconds 
  Import took 0.019009 seconds .

========================================================================
Received Import Request.
  Time since last request: 0.000268 seconds.
  path: Assets/StoneUI/Buttons_512x512/Moss_Grey/button_moss_grey24.png
  artifactKey: Guid(6fc387b025705f343ac68184335f6843) Importer(815301076,1909f56bfc062723c751e8b465ee728b)
Start importing Assets/StoneUI/Buttons_512x512/Moss_Grey/button_moss_grey24.png using Guid(6fc387b025705f343ac68184335f6843) Importer(815301076,1909f56bfc062723c751e8b465ee728b)  -> (artifact id: '093e5c4327396ff9c6e5f96cc8685e33') in 0.013566 seconds 
  Import took 0.017851 seconds .

========================================================================
Received Import Request.
  Time since last request: 0.000319 seconds.
  path: Assets/StoneUI/Buttons_128x128/button_white.png
  artifactKey: Guid(0eaf9fe6c11160f438c2d72544ae3270) Importer(815301076,1909f56bfc062723c751e8b465ee728b)
Start importing Assets/StoneUI/Buttons_128x128/button_white.png using Guid(0eaf9fe6c11160f438c2d72544ae3270) Importer(815301076,1909f56bfc062723c751e8b465ee728b)  -> (artifact id: 'e33abf68b5765d9251e40aac130ed3f6') in 0.170236 seconds 
  Import took 0.174255 seconds .

========================================================================
Received Import Request.
  Time since last request: 0.000337 seconds.
  path: Assets/StoneUI/Buttons_128x128/button_rock_black.png
  artifactKey: Guid(5dbb9c922aee09040ba86305f36b88c8) Importer(815301076,1909f56bfc062723c751e8b465ee728b)
Start importing Assets/StoneUI/Buttons_128x128/button_rock_black.png using Guid(5dbb9c922aee09040ba86305f36b88c8) Importer(815301076,1909f56bfc062723c751e8b465ee728b)  -> (artifact id: '6fece590a4afeb55b7f8678671104fa6') in 0.180468 seconds 
  Import took 0.184186 seconds .

========================================================================
Received Import Request.
  Time since last request: 0.000332 seconds.
  path: Assets/StoneUI/Buttons_512x512/Moss_Red/button_moss_red3.png
  artifactKey: Guid(895cc1208e9256145bdc516fc8efbf10) Importer(815301076,1909f56bfc062723c751e8b465ee728b)
Start importing Assets/StoneUI/Buttons_512x512/Moss_Red/button_moss_red3.png using Guid(895cc1208e9256145bdc516fc8efbf10) Importer(815301076,1909f56bfc062723c751e8b465ee728b)  -> (artifact id: '1f50b52b0162656b243e90b619730ee3') in 0.016748 seconds 
  Import took 0.020804 seconds .

========================================================================
Received Import Request.
  Time since last request: 0.000367 seconds.
  path: Assets/StoneUI/Buttons_512x512/Moss_Green/button_moss_green46.png
  artifactKey: Guid(32b5defd3f5a7f04ca6b71320f519d9a) Importer(815301076,1909f56bfc062723c751e8b465ee728b)
Start importing Assets/StoneUI/Buttons_512x512/Moss_Green/button_moss_green46.png using Guid(32b5defd3f5a7f04ca6b71320f519d9a) Importer(815301076,1909f56bfc062723c751e8b465ee728b)  -> (artifact id: 'b026d2b7c455977c65bfdd5c61d678ca') in 0.013920 seconds 
  Import took 0.017710 seconds .

========================================================================
Received Import Request.
  Time since last request: 0.000284 seconds.
  path: Assets/StoneUI/Buttons_512x512/Moss_Green/button_moss_green47.png
  artifactKey: Guid(ad59df41ca2971e4f811da2af285e403) Importer(815301076,1909f56bfc062723c751e8b465ee728b)
Start importing Assets/StoneUI/Buttons_512x512/Moss_Green/button_moss_green47.png using Guid(ad59df41ca2971e4f811da2af285e403) Importer(815301076,1909f56bfc062723c751e8b465ee728b)  -> (artifact id: 'b9f117486ced31dff062fd646918ec53') in 0.014111 seconds 
  Import took 0.018373 seconds .

========================================================================
Received Import Request.
  Time since last request: 0.000328 seconds.
  path: Assets/StoneUI/Buttons_512x512/Moss_Grey/button_moss_grey25.png
  artifactKey: Guid(f848e32f7d4352648afd92d4c776e5c0) Importer(815301076,1909f56bfc062723c751e8b465ee728b)
Start importing Assets/StoneUI/Buttons_512x512/Moss_Grey/button_moss_grey25.png using Guid(f848e32f7d4352648afd92d4c776e5c0) Importer(815301076,1909f56bfc062723c751e8b465ee728b)  -> (artifact id: '2f6d2f85f949181d6fad70134e98a928') in 0.012871 seconds 
  Import took 0.017044 seconds .

========================================================================
Received Import Request.
  Time since last request: 0.000529 seconds.
  path: Assets/StoneUI/Buttons_128x128/button_moss_green.png
  artifactKey: Guid(f760e8c2f86be0a46a16e0a7a5bfe8ed) Importer(815301076,1909f56bfc062723c751e8b465ee728b)
Start importing Assets/StoneUI/Buttons_128x128/button_moss_green.png using Guid(f760e8c2f86be0a46a16e0a7a5bfe8ed) Importer(815301076,1909f56bfc062723c751e8b465ee728b)  -> (artifact id: 'eed721b7650c66c381312e1e798e58b7') in 0.197891 seconds 
  Import took 0.201300 seconds .

========================================================================
Received Import Request.
  Time since last request: 0.000311 seconds.
  path: Assets/StoneUI/Buttons_256x256/button_rock_black.png
  artifactKey: Guid(8bae6abdcebc3284bbef31c1d7f32a9d) Importer(815301076,1909f56bfc062723c751e8b465ee728b)
Start importing Assets/StoneUI/Buttons_256x256/button_rock_black.png using Guid(8bae6abdcebc3284bbef31c1d7f32a9d) Importer(815301076,1909f56bfc062723c751e8b465ee728b)  -> (artifact id: 'fbcc73326331fd41705bbc039af7635b') in 0.193091 seconds 
  Import took 0.196116 seconds .

========================================================================
Received Import Request.
  Time since last request: 0.000325 seconds.
  path: Assets/StoneUI/Buttons_512x512/Moss_Grey/button_moss_grey26.png
  artifactKey: Guid(c75de0402d43df848986f44d4473b4a2) Importer(815301076,1909f56bfc062723c751e8b465ee728b)
Start importing Assets/StoneUI/Buttons_512x512/Moss_Grey/button_moss_grey26.png using Guid(c75de0402d43df848986f44d4473b4a2) Importer(815301076,1909f56bfc062723c751e8b465ee728b)  -> (artifact id: 'c0a415078e591e991cd95d2ae9cc2c37') in 0.022308 seconds 
  Import took 0.026148 seconds .

========================================================================
Received Import Request.
  Time since last request: 0.000367 seconds.
  path: Assets/StoneUI/Buttons_512x512/Moss_Green/button_moss_green7.png
  artifactKey: Guid(5768e6ce42d6b764ca14e876b7c43b63) Importer(815301076,1909f56bfc062723c751e8b465ee728b)
Start importing Assets/StoneUI/Buttons_512x512/Moss_Green/button_moss_green7.png using Guid(5768e6ce42d6b764ca14e876b7c43b63) Importer(815301076,1909f56bfc062723c751e8b465ee728b)  -> (artifact id: '2b033d08e2332df7622967a4ac5df809') in 0.015404 seconds 
  Import took 0.018615 seconds .

========================================================================
Received Import Request.
  Time since last request: 0.000306 seconds.
  path: Assets/StoneUI/Buttons_512x512/Moss_Blue/button_moss_blue26.png
  artifactKey: Guid(9057840e73cc8af46b3fb5a3b73e3a04) Importer(815301076,1909f56bfc062723c751e8b465ee728b)
Start importing Assets/StoneUI/Buttons_512x512/Moss_Blue/button_moss_blue26.png using Guid(9057840e73cc8af46b3fb5a3b73e3a04) Importer(815301076,1909f56bfc062723c751e8b465ee728b)  -> (artifact id: '43e86577080d08be38d8d2b47eaa2064') in 0.017872 seconds 
  Import took 0.022007 seconds .

========================================================================
Received Import Request.
  Time since last request: 0.000329 seconds.
  path: Assets/Dark_Brown_GUI_kit/frame/other/button_frame.png
  artifactKey: Guid(e4fc4a2033af46a408e5833289c92ec1) Importer(815301076,1909f56bfc062723c751e8b465ee728b)
Start importing Assets/Dark_Brown_GUI_kit/frame/other/button_frame.png using Guid(e4fc4a2033af46a408e5833289c92ec1) Importer(815301076,1909f56bfc062723c751e8b465ee728b)  -> (artifact id: '1373ef29d40d703ec0f56ca7082aa9d2') in 0.011640 seconds 
  Import took 0.015310 seconds .

========================================================================
Received Import Request.
  Time since last request: 0.000549 seconds.
  path: Assets/StoneUI/Buttons_512x512/Moss_Blue/button_moss_blue28.png
  artifactKey: Guid(562c2c8640f30c84aaa7b5356217826e) Importer(815301076,1909f56bfc062723c751e8b465ee728b)
Start importing Assets/StoneUI/Buttons_512x512/Moss_Blue/button_moss_blue28.png using Guid(562c2c8640f30c84aaa7b5356217826e) Importer(815301076,1909f56bfc062723c751e8b465ee728b)  -> (artifact id: 'dc99f69a58268cd781e837df9a8a3d47') in 0.016627 seconds 
  Import took 0.020323 seconds .

========================================================================
Received Import Request.
  Time since last request: 0.000271 seconds.
  path: Assets/StoneUI/Buttons_512x512/Moss_Green/button_moss_green44.png
  artifactKey: Guid(ce17b711007022947a03143ddd053157) Importer(815301076,1909f56bfc062723c751e8b465ee728b)
Start importing Assets/StoneUI/Buttons_512x512/Moss_Green/button_moss_green44.png using Guid(ce17b711007022947a03143ddd053157) Importer(815301076,1909f56bfc062723c751e8b465ee728b)  -> (artifact id: '692b30dd1d647f937634bbe28351dfe8') in 0.015416 seconds 
  Import took 0.018901 seconds .

========================================================================
Received Import Request.
  Time since last request: 0.000301 seconds.
  path: Assets/Dark_Brown_GUI_kit/background/big/big_circle_background1.png
  artifactKey: Guid(c8fb4a68481c7c6468647dce81289816) Importer(815301076,1909f56bfc062723c751e8b465ee728b)
Start importing Assets/Dark_Brown_GUI_kit/background/big/big_circle_background1.png using Guid(c8fb4a68481c7c6468647dce81289816) Importer(815301076,1909f56bfc062723c751e8b465ee728b)  -> (artifact id: '06e89c9d9e52fa44dba14c5951f5f6ac') in 0.026966 seconds 
  Import took 0.030509 seconds .

========================================================================
Received Import Request.
  Time since last request: 0.000354 seconds.
  path: Assets/Dark_Brown_GUI_kit/button/rect/button2.png
  artifactKey: Guid(e89f6ca9ef3ebf449a23bc807f66ba04) Importer(815301076,1909f56bfc062723c751e8b465ee728b)
Start importing Assets/Dark_Brown_GUI_kit/button/rect/button2.png using Guid(e89f6ca9ef3ebf449a23bc807f66ba04) Importer(815301076,1909f56bfc062723c751e8b465ee728b)  -> (artifact id: '93a64f4e071bcad7f2118531861ac70d') in 0.013446 seconds 
  Import took 0.017436 seconds .

========================================================================
Received Import Request.
  Time since last request: 0.000322 seconds.
  path: Assets/StoneUI/Buttons_512x512/Moss_Green/button_moss_green10.png
  artifactKey: Guid(9502b58af7fc73941b0f7380b5cff83c) Importer(815301076,1909f56bfc062723c751e8b465ee728b)
Start importing Assets/StoneUI/Buttons_512x512/Moss_Green/button_moss_green10.png using Guid(9502b58af7fc73941b0f7380b5cff83c) Importer(815301076,1909f56bfc062723c751e8b465ee728b)  -> (artifact id: 'fc2f04f9260c8089a67f0f5294c467ac') in 0.014996 seconds 
  Import took 0.018273 seconds .

========================================================================
Received Import Request.
  Time since last request: 0.000344 seconds.
  path: Assets/StoneUI/Buttons_512x512/Moss_Grey/button_moss_grey28.png
  artifactKey: Guid(179c0d4303b733d47a1792cf701158ea) Importer(815301076,1909f56bfc062723c751e8b465ee728b)
Start importing Assets/StoneUI/Buttons_512x512/Moss_Grey/button_moss_grey28.png using Guid(179c0d4303b733d47a1792cf701158ea) Importer(815301076,1909f56bfc062723c751e8b465ee728b)  -> (artifact id: '4b46bab8a4f0d0e90d7e2b0b989647e9') in 0.014188 seconds 
  Import took 0.017402 seconds .

========================================================================
Received Import Request.
  Time since last request: 0.000355 seconds.
  path: Assets/StoneUI/Buttons_512x512/Moss_Green/button_moss_green8.png
  artifactKey: Guid(81133356fa750454cba8ddb1bd74a8c8) Importer(815301076,1909f56bfc062723c751e8b465ee728b)
Start importing Assets/StoneUI/Buttons_512x512/Moss_Green/button_moss_green8.png using Guid(81133356fa750454cba8ddb1bd74a8c8) Importer(815301076,1909f56bfc062723c751e8b465ee728b)  -> (artifact id: '15262b3e62d948334cbc93bc2a5d7099') in 0.014511 seconds 
  Import took 0.018290 seconds .

========================================================================
Received Import Request.
  Time since last request: 0.000314 seconds.
  path: Assets/StoneUI/Buttons_512x512/Moss_Blue/button_moss_blue49.png
  artifactKey: Guid(01b177a7da31ff0469c19b740f6a0558) Importer(815301076,1909f56bfc062723c751e8b465ee728b)
Start importing Assets/StoneUI/Buttons_512x512/Moss_Blue/button_moss_blue49.png using Guid(01b177a7da31ff0469c19b740f6a0558) Importer(815301076,1909f56bfc062723c751e8b465ee728b)  -> (artifact id: '67241efd9dfc6fb38dce11892160ae4e') in 0.016346 seconds 
  Import took 0.019520 seconds .

========================================================================
Received Import Request.
  Time since last request: 0.000341 seconds.
  path: Assets/StoneUI/Buttons_512x512/Moss_Green/button_moss_green45.png
  artifactKey: Guid(e09ce817af91c1840bf51e9cbcea7320) Importer(815301076,1909f56bfc062723c751e8b465ee728b)
Start importing Assets/StoneUI/Buttons_512x512/Moss_Green/button_moss_green45.png using Guid(e09ce817af91c1840bf51e9cbcea7320) Importer(815301076,1909f56bfc062723c751e8b465ee728b)  -> (artifact id: 'b0521294f3dce6c0500ada4eae811151') in 0.015451 seconds 
  Import took 0.019609 seconds .

========================================================================
Received Import Request.
  Time since last request: 0.000347 seconds.
  path: Assets/StoneUI/Buttons_512x512/Moss_Red/button_moss_red1.png
  artifactKey: Guid(b0b987c8c61c4884986c88cdd9a141f1) Importer(815301076,1909f56bfc062723c751e8b465ee728b)
Start importing Assets/StoneUI/Buttons_512x512/Moss_Red/button_moss_red1.png using Guid(b0b987c8c61c4884986c88cdd9a141f1) Importer(815301076,1909f56bfc062723c751e8b465ee728b)  -> (artifact id: '68bf0199a51b0202a68c523f8b2ccd7f') in 0.016639 seconds 
  Import took 0.019907 seconds .

========================================================================
Received Import Request.
  Time since last request: 0.000306 seconds.
  path: Assets/Dark_Brown_GUI_kit/icon/full_simple/password-.png
  artifactKey: Guid(82d6d75413eb1604ea3e0863c547c6a3) Importer(815301076,1909f56bfc062723c751e8b465ee728b)
Start importing Assets/Dark_Brown_GUI_kit/icon/full_simple/password-.png using Guid(82d6d75413eb1604ea3e0863c547c6a3) Importer(815301076,1909f56bfc062723c751e8b465ee728b)  -> (artifact id: '5a71ba138612ceda9d022f43e0ea563d') in 0.012556 seconds 
  Import took 0.015701 seconds .

========================================================================
Received Import Request.
  Time since last request: 0.000303 seconds.
  path: Assets/Samples/Input System/1.2.0/Visualizers/PenVis.prefab
  artifactKey: Guid(15e76881a88c849388ecd62eb8a05750) Importer(815301076,1909f56bfc062723c751e8b465ee728b)
Start importing Assets/Samples/Input System/1.2.0/Visualizers/PenVis.prefab using Guid(15e76881a88c849388ecd62eb8a05750) Importer(815301076,1909f56bfc062723c751e8b465ee728b)  -> (artifact id: '363a1f123cf598c28bd7d844d1d450c5') in 0.004691 seconds 
  Import took 0.008401 seconds .

========================================================================
Received Import Request.
  Time since last request: 0.000350 seconds.
  path: Assets/Dark_Brown_GUI_kit/icon/full_simple/numbers/3.png
  artifactKey: Guid(eed1ebcab0d6c3743950949d537f1f5b) Importer(815301076,1909f56bfc062723c751e8b465ee728b)
Start importing Assets/Dark_Brown_GUI_kit/icon/full_simple/numbers/3.png using Guid(eed1ebcab0d6c3743950949d537f1f5b) Importer(815301076,1909f56bfc062723c751e8b465ee728b)  -> (artifact id: 'd8d966797769236454a618fd5a5ad433') in 0.014296 seconds 
  Import took 0.017744 seconds .

========================================================================
Received Import Request.
  Time since last request: 0.000311 seconds.
  path: Assets/StoneUI/Buttons_512x512/Moss_Red/button_moss_red4.png
  artifactKey: Guid(bc33941c74085a641a73ef8d1a463b10) Importer(815301076,1909f56bfc062723c751e8b465ee728b)
Start importing Assets/StoneUI/Buttons_512x512/Moss_Red/button_moss_red4.png using Guid(bc33941c74085a641a73ef8d1a463b10) Importer(815301076,1909f56bfc062723c751e8b465ee728b)  -> (artifact id: 'd9160b0cacf194f3471d0660dba9e625') in 0.014169 seconds 
  Import took 0.018540 seconds .

AssetImportWorkerClient::OnTransportError - code=2 error=End of file
